2025-08-25 03:19:17,037 - INFO - ============================================================
2025-08-25 03:19:17,038 - INFO - UK SCHOOLS CONTACT INFORMATION UPDATER
2025-08-25 03:19:17,038 - INFO - ============================================================
2025-08-25 03:19:17,038 - INFO - Database: schoolsdb
2025-08-25 03:19:17,038 - INFO - CSV File: edubaseallstatefunded20250825.csv
2025-08-25 03:19:17,038 - INFO - ============================================================
2025-08-25 03:19:18,275 - INFO - ✅ Database connection established
2025-08-25 03:19:18,275 - INFO - Loading CSV file: edubaseallstatefunded20250825.csv
2025-08-25 03:19:18,318 - INFO - Trying latin-1 encoding...
2025-08-25 03:19:18,521 - INFO - Starting school updates...
2025-08-25 03:19:35,378 - INFO - Processed 100/22011 records...
2025-08-25 03:19:52,055 - INFO - Processed 200/22011 records...
2025-08-25 03:20:08,747 - INFO - Processed 300/22011 records...
2025-08-25 03:20:25,141 - INFO - Processed 400/22011 records...
2025-08-25 03:20:41,577 - INFO - Processed 500/22011 records...
2025-08-25 03:20:58,188 - INFO - Processed 600/22011 records...
2025-08-25 03:21:14,817 - INFO - Processed 700/22011 records...
2025-08-25 03:21:31,337 - INFO - Processed 800/22011 records...
2025-08-25 03:21:47,765 - INFO - Processed 900/22011 records...
2025-08-25 03:22:04,396 - INFO - Processed 1000/22011 records...
2025-08-25 03:22:20,771 - INFO - Processed 1100/22011 records...
2025-08-25 03:22:37,779 - INFO - Processed 1200/22011 records...
2025-08-25 03:22:54,161 - INFO - Processed 1300/22011 records...
2025-08-25 03:23:10,813 - INFO - Processed 1400/22011 records...
2025-08-25 03:23:27,283 - INFO - Processed 1500/22011 records...
2025-08-25 03:23:44,039 - INFO - Processed 1600/22011 records...
2025-08-25 03:24:00,572 - INFO - Processed 1700/22011 records...
2025-08-25 03:24:17,067 - INFO - Processed 1800/22011 records...
2025-08-25 03:24:33,589 - INFO - Processed 1900/22011 records...
2025-08-25 03:24:49,949 - INFO - Processed 2000/22011 records...
2025-08-25 03:25:06,463 - INFO - Processed 2100/22011 records...
2025-08-25 03:25:22,956 - INFO - Processed 2200/22011 records...
2025-08-25 03:25:39,344 - INFO - Processed 2300/22011 records...
2025-08-25 03:25:55,712 - INFO - Processed 2400/22011 records...
2025-08-25 03:26:12,264 - INFO - Processed 2500/22011 records...
2025-08-25 03:26:29,108 - INFO - Processed 2600/22011 records...
2025-08-25 03:26:45,496 - INFO - Processed 2700/22011 records...
2025-08-25 03:27:01,884 - INFO - Processed 2800/22011 records...
2025-08-25 03:27:18,335 - INFO - Processed 2900/22011 records...
2025-08-25 03:27:34,878 - INFO - Processed 3000/22011 records...
2025-08-25 03:27:51,352 - INFO - Processed 3100/22011 records...
2025-08-25 03:28:07,861 - INFO - Processed 3200/22011 records...
2025-08-25 03:28:24,232 - INFO - Processed 3300/22011 records...
2025-08-25 03:28:40,862 - INFO - Processed 3400/22011 records...
2025-08-25 03:28:57,248 - INFO - Processed 3500/22011 records...
2025-08-25 03:29:13,757 - INFO - Processed 3600/22011 records...
2025-08-25 03:29:30,171 - INFO - Processed 3700/22011 records...
2025-08-25 03:29:46,797 - INFO - Processed 3800/22011 records...
2025-08-25 03:30:03,585 - INFO - Processed 3900/22011 records...
2025-08-25 03:30:20,059 - INFO - Processed 4000/22011 records...
2025-08-25 03:30:36,916 - INFO - Processed 4100/22011 records...
2025-08-25 03:30:53,593 - INFO - Processed 4200/22011 records...
2025-08-25 03:31:10,099 - INFO - Processed 4300/22011 records...
2025-08-25 03:31:26,715 - INFO - Processed 4400/22011 records...
2025-08-25 03:31:43,152 - INFO - Processed 4500/22011 records...
2025-08-25 03:31:59,585 - INFO - Processed 4600/22011 records...
2025-08-25 03:32:16,197 - INFO - Processed 4700/22011 records...
2025-08-25 03:32:32,728 - INFO - Processed 4800/22011 records...
2025-08-25 03:32:49,154 - INFO - Processed 4900/22011 records...
2025-08-25 03:33:05,758 - INFO - Processed 5000/22011 records...
2025-08-25 03:33:22,270 - INFO - Processed 5100/22011 records...
2025-08-25 03:33:38,726 - INFO - Processed 5200/22011 records...
2025-08-25 03:33:55,230 - INFO - Processed 5300/22011 records...
2025-08-25 03:34:11,853 - INFO - Processed 5400/22011 records...
2025-08-25 03:34:28,424 - INFO - Processed 5500/22011 records...
2025-08-25 03:34:44,798 - INFO - Processed 5600/22011 records...
2025-08-25 03:35:01,325 - INFO - Processed 5700/22011 records...
2025-08-25 03:35:17,963 - INFO - Processed 5800/22011 records...
2025-08-25 03:35:34,337 - INFO - Processed 5900/22011 records...
2025-08-25 03:35:50,751 - INFO - Processed 6000/22011 records...
2025-08-25 03:36:07,292 - INFO - Processed 6100/22011 records...
2025-08-25 03:36:23,657 - INFO - Processed 6200/22011 records...
2025-08-25 03:36:40,233 - INFO - Processed 6300/22011 records...
2025-08-25 03:36:56,585 - INFO - Processed 6400/22011 records...
2025-08-25 03:37:13,138 - INFO - Processed 6500/22011 records...
2025-08-25 03:37:29,578 - INFO - Processed 6600/22011 records...
2025-08-25 03:37:45,915 - INFO - Processed 6700/22011 records...
2025-08-25 03:38:02,349 - INFO - Processed 6800/22011 records...
2025-08-25 03:38:18,793 - INFO - Processed 6900/22011 records...
2025-08-25 03:38:35,261 - INFO - Processed 7000/22011 records...
2025-08-25 03:38:51,625 - INFO - Processed 7100/22011 records...
2025-08-25 03:39:08,203 - INFO - Processed 7200/22011 records...
2025-08-25 03:39:24,532 - INFO - Processed 7300/22011 records...
2025-08-25 03:39:40,802 - INFO - Processed 7400/22011 records...
2025-08-25 03:39:57,246 - INFO - Processed 7500/22011 records...
2025-08-25 03:40:13,757 - INFO - Processed 7600/22011 records...
2025-08-25 03:40:30,174 - INFO - Processed 7700/22011 records...
2025-08-25 03:40:46,651 - INFO - Processed 7800/22011 records...
2025-08-25 03:41:03,047 - INFO - Processed 7900/22011 records...
2025-08-25 03:41:19,611 - INFO - Processed 8000/22011 records...
2025-08-25 03:41:36,163 - INFO - Processed 8100/22011 records...
2025-08-25 03:41:52,552 - INFO - Processed 8200/22011 records...
2025-08-25 03:42:08,905 - INFO - Processed 8300/22011 records...
2025-08-25 03:42:25,153 - INFO - Processed 8400/22011 records...
2025-08-25 03:42:41,458 - INFO - Processed 8500/22011 records...
2025-08-25 03:42:57,771 - INFO - Processed 8600/22011 records...
2025-08-25 03:43:14,096 - INFO - Processed 8700/22011 records...
2025-08-25 03:43:30,673 - INFO - Processed 8800/22011 records...
2025-08-25 03:43:47,154 - INFO - Processed 8900/22011 records...
2025-08-25 03:44:03,606 - INFO - Processed 9000/22011 records...
2025-08-25 03:44:19,883 - INFO - Processed 9100/22011 records...
2025-08-25 03:44:36,141 - INFO - Processed 9200/22011 records...
2025-08-25 03:44:52,389 - INFO - Processed 9300/22011 records...
