2025-08-24 17:23:49,485 - INFO - Database connection established
2025-08-24 17:23:50,138 - INFO - Database schema updated successfully
2025-08-24 17:23:50,138 - INFO - Starting geocoding process...
2025-08-24 17:23:50,467 - INFO - Found 54 schools without coordinates
2025-08-24 17:23:50,675 - INFO - Perfect match - School found: Akrotiri Primary School
2025-08-24 17:23:50,676 - WARNING - Location outside UK bounds for Akrotiri Primary School: 34.6014865, 32.9526899
2025-08-24 17:23:50,715 - INFO - Address match: Akrotiri Primary School - Types: ['neighborhood', 'political']
2025-08-24 17:23:50,715 - WARNING - Location outside UK bounds for Akrotiri Primary School: 34.5851504, 32.9790163
2025-08-24 17:23:50,909 - INFO - Perfect match - School found: St John's School
2025-08-24 17:23:50,909 - WARNING - Location outside UK bounds for St John's School: 34.6757865, 32.8293425
2025-08-24 17:23:50,956 - INFO - Address match: St John's School - Types: ['locality', 'political']
2025-08-24 17:23:50,956 - WARNING - Location outside UK bounds for St John's School: 34.6768911, 32.83876
2025-08-24 17:23:51,152 - INFO - Perfect match - School found: Episkopi Primary School
2025-08-24 17:23:51,153 - WARNING - Location outside UK bounds for Episkopi Primary School: 34.6751558, 32.8304196
2025-08-24 17:23:51,196 - INFO - Address match: Episkopi Primary School - Types: ['locality', 'political']
2025-08-24 17:23:51,196 - WARNING - Location outside UK bounds for Episkopi Primary School: 34.6768911, 32.83876
2025-08-24 17:23:51,385 - WARNING - No results found for King Richard School: King Richard School, Dhekelia, United Kingdom...
2025-08-24 17:23:51,426 - INFO - Address match: King Richard School - Types: ['administrative_area_level_1', 'political']
2025-08-24 17:23:51,426 - WARNING - Location outside UK bounds for King Richard School: 34.5802786, 32.9743145
2025-08-24 17:23:51,685 - INFO - Perfect match - School found: Diss High School
2025-08-24 17:23:52,117 - INFO - Perfect match - School found: Dunraven School
2025-08-24 17:23:52,551 - INFO - Perfect match - School found: Enfield Grammar School
2025-08-24 17:23:52,979 - INFO - Perfect match - School found: The Academy, Selsey
2025-08-24 17:23:53,413 - INFO - Good match - POI found: Edstart
2025-08-24 17:23:53,883 - INFO - Perfect match - School found: Dixons Kings Academy
2025-08-24 17:23:54,195 - INFO - Progress: 10/54 processed
2025-08-24 17:23:54,308 - INFO - Address match: New Forest School - Types: ['route']
2025-08-24 17:23:54,747 - INFO - Perfect match - School found: Chiltern Hills Academy
2025-08-24 17:23:55,190 - INFO - Address match: All Saints Junior School - Types: ['premise', 'street_address']
2025-08-24 17:23:55,620 - INFO - Perfect match - School found: University Academy Holbeach
2025-08-24 17:23:56,049 - INFO - Perfect match - School found: The Eastwood Academy
2025-08-24 17:23:56,477 - INFO - Perfect match - School found: The Blue School
2025-08-24 17:23:56,916 - INFO - Perfect match - School found: Montacute School
2025-08-24 17:23:57,367 - INFO - Perfect match - School found: Slough and Eton Church of England Business and Enterprise College
2025-08-24 17:23:57,793 - INFO - Perfect match - School found: Hitchin Girls' School
2025-08-24 17:23:58,236 - INFO - Perfect match - School found: Altrincham Grammar School for Girls
2025-08-24 17:23:58,547 - INFO - Progress: 20/54 processed
2025-08-24 17:23:58,668 - INFO - Address match: Greenfield CofE VC Lower School - Types: ['route']
2025-08-24 17:23:59,105 - INFO - Address match: Somers Park Primary School - Types: ['premise', 'street_address']
2025-08-24 17:23:59,541 - INFO - Perfect match - School found: Springhill Catholic Primary School
2025-08-24 17:24:00,042 - INFO - Perfect match - School found: The Crompton House Church of England Academy
2025-08-24 17:24:00,481 - INFO - Perfect match - School found: Corpus Christi Catholic Primary School
2025-08-24 17:24:00,921 - INFO - Perfect match - School found: Bishop Rawstorne Church of England Academy
2025-08-24 17:24:01,355 - INFO - Perfect match - School found: Birkdale High School
2025-08-24 17:24:01,881 - INFO - Perfect match - School found: Severn Vale School
2025-08-24 17:24:02,313 - INFO - Perfect match - School found: Richard Challoner School
2025-08-24 17:24:02,741 - INFO - Perfect match - School found: Priory Community School
2025-08-24 17:24:03,054 - INFO - Progress: 30/54 processed
2025-08-24 17:24:03,228 - INFO - Perfect match - School found: King Edward VI School
2025-08-24 17:24:03,701 - INFO - Perfect match - School found: Independent Jewish Day School
2025-08-24 17:24:04,144 - INFO - Good match - POI found: Ilsham Church of England Academy
2025-08-24 17:24:04,583 - INFO - Perfect match - School found: St Ivo Academy
2025-08-24 17:24:05,030 - INFO - Perfect match - School found: Hessle High School and Penshurst Primary School
2025-08-24 17:24:05,467 - INFO - Perfect match - School found: Malmesbury School
2025-08-24 17:24:05,972 - INFO - Perfect match - School found: The King David High School
2025-08-24 17:24:06,472 - INFO - Perfect match - School found: St Thomas More High School
2025-08-24 17:24:06,978 - INFO - Perfect match - School found: St Mary's Church of England Junior Academy
2025-08-24 17:24:07,449 - INFO - Perfect match - School found: St Bernard's High School
2025-08-24 17:24:07,761 - INFO - Progress: 40/54 processed
2025-08-24 17:24:07,876 - INFO - Perfect match - School found: Sexey's School
2025-08-24 17:24:08,314 - INFO - Perfect match - School found: Woolmer Hill School
2025-08-24 17:24:08,743 - INFO - Perfect match - School found: Testwood School
2025-08-24 17:24:09,194 - INFO - Good match - POI found: Bnei Zion Community School
2025-08-24 17:24:09,617 - INFO - Perfect match - School found: Tuxford Academy
2025-08-24 17:24:10,094 - INFO - Perfect match - School found: Rainbow Primary Leadership Academy
2025-08-24 17:24:10,517 - INFO - Perfect match - School found: Felixstowe School
2025-08-24 17:24:10,983 - INFO - Perfect match - School found: Ark Atwood Primary Academy
2025-08-24 17:24:11,415 - INFO - Perfect match - School found: The Linden Academy
2025-08-24 17:24:11,899 - INFO - Address match: St George's Preparatory School & Little Dragons Preschool - Types: ['premise', 'street_address']
2025-08-24 17:24:12,212 - INFO - Progress: 50/54 processed
2025-08-24 17:24:12,374 - INFO - Committed batch. Total processed: 50
2025-08-24 17:24:12,871 - INFO - ==================================================
2025-08-24 17:24:12,871 - INFO - GEOCODING STATISTICS
2025-08-24 17:24:12,871 - INFO - ==================================================
2025-08-24 17:24:12,872 - INFO - Total schools in database: 25380
2025-08-24 17:24:12,872 - INFO - Schools with coordinates: 25372
2025-08-24 17:24:12,872 - INFO - Schools without coordinates: 8
2025-08-24 17:24:12,872 - INFO - Coverage: 99.97%
2025-08-24 17:24:12,872 - INFO - API requests made: 54
2025-08-24 17:24:12,872 - INFO - Successful geocodes this run: 46
2025-08-24 17:24:12,872 - INFO - Failed geocodes this run: 4
2025-08-24 17:24:12,873 - INFO - ==================================================
2025-08-24 17:24:12,873 - INFO - Database connection closed
