2025-08-24 17:24:31,447 - INFO - Database connection established
2025-08-24 17:24:32,227 - INFO - Database schema updated successfully
2025-08-24 17:24:32,227 - INFO - Starting geocoding process...
2025-08-24 17:24:32,553 - INFO - Found 4 schools without coordinates
2025-08-24 17:24:32,765 - INFO - Perfect match - School found: Akrotiri Primary School
2025-08-24 17:24:32,765 - WARNING - Location outside UK bounds for Akrotiri Primary School: 34.6014865, 32.9526899
2025-08-24 17:24:32,801 - INFO - Address match: Akrotiri Primary School - Types: ['neighborhood', 'political']
2025-08-24 17:24:32,801 - WARNING - Location outside UK bounds for Akrotiri Primary School: 34.5851504, 32.9790163
2025-08-24 17:24:32,993 - INFO - Perfect match - School found: St John's School
2025-08-24 17:24:32,993 - WARNING - Location outside UK bounds for St John's School: 34.6757865, 32.8293425
2025-08-24 17:24:33,031 - INFO - Address match: St John's School - Types: ['locality', 'political']
2025-08-24 17:24:33,031 - WARNING - Location outside UK bounds for St John's School: 34.6768911, 32.83876
2025-08-24 17:24:33,221 - INFO - Perfect match - School found: Episkopi Primary School
2025-08-24 17:24:33,221 - WARNING - Location outside UK bounds for Episkopi Primary School: 34.6751558, 32.8304196
2025-08-24 17:24:33,257 - INFO - Address match: Episkopi Primary School - Types: ['locality', 'political']
2025-08-24 17:24:33,257 - WARNING - Location outside UK bounds for Episkopi Primary School: 34.6768911, 32.83876
2025-08-24 17:24:33,445 - WARNING - No results found for King Richard School: King Richard School, Dhekelia, United Kingdom...
2025-08-24 17:24:33,486 - INFO - Address match: King Richard School - Types: ['administrative_area_level_1', 'political']
2025-08-24 17:24:33,486 - WARNING - Location outside UK bounds for King Richard School: 34.5802786, 32.9743145
2025-08-24 17:24:33,795 - INFO - Committed batch. Total processed: 4
2025-08-24 17:24:34,117 - INFO - ==================================================
2025-08-24 17:24:34,117 - INFO - GEOCODING STATISTICS
2025-08-24 17:24:34,117 - INFO - ==================================================
2025-08-24 17:24:34,117 - INFO - Total schools in database: 25380
2025-08-24 17:24:34,117 - INFO - Schools with coordinates: 25376
2025-08-24 17:24:34,117 - INFO - Schools without coordinates: 4
2025-08-24 17:24:34,117 - INFO - Coverage: 99.98%
2025-08-24 17:24:34,117 - INFO - API requests made: 8
2025-08-24 17:24:34,118 - INFO - Successful geocodes this run: 0
2025-08-24 17:24:34,118 - INFO - Failed geocodes this run: 4
2025-08-24 17:24:34,118 - INFO - ==================================================
2025-08-24 17:24:34,118 - INFO - Database connection closed
