2025-09-07 14:59:07,747 - INFO - Database connection established
2025-09-07 14:59:08,066 - INFO - uk_absence_data table already exists
2025-09-07 14:59:08,224 - INFO - Starting data upload for Wales schools...
2025-09-07 14:59:08,224 - INFO - Column mapping: literacy_points → english_score, numeracy_points → math_score, science_points → science_score
2025-09-07 14:59:08,234 - INFO - Found 1464 schools in CSV file
2025-09-07 14:59:24,385 - INFO - Committed batch. Progress: 50/1464 (Schools with scores: 0)
2025-09-07 14:59:40,519 - INFO - Committed batch. Progress: 100/1464 (Schools with scores: 0)
2025-09-07 14:59:56,655 - INFO - Committed batch. Progress: 150/1464 (Schools with scores: 0)
2025-09-07 15:00:12,803 - INFO - Committed batch. Progress: 200/1464 (Schools with scores: 0)
2025-09-07 15:00:28,978 - INFO - Committed batch. Progress: 250/1464 (Schools with scores: 0)
2025-09-07 15:00:45,137 - INFO - Committed batch. Progress: 300/1464 (Schools with scores: 0)
2025-09-07 15:01:01,282 - INFO - Committed batch. Progress: 350/1464 (Schools with scores: 0)
2025-09-07 15:01:17,488 - INFO - Committed batch. Progress: 400/1464 (Schools with scores: 0)
2025-09-07 15:01:33,775 - INFO - Committed batch. Progress: 450/1464 (Schools with scores: 0)
2025-09-07 15:01:50,049 - INFO - Committed batch. Progress: 500/1464 (Schools with scores: 0)
2025-09-07 15:02:06,259 - INFO - Committed batch. Progress: 550/1464 (Schools with scores: 0)
2025-09-07 15:02:22,455 - INFO - Committed batch. Progress: 600/1464 (Schools with scores: 0)
2025-09-07 15:02:38,648 - INFO - Committed batch. Progress: 650/1464 (Schools with scores: 0)
2025-09-07 15:02:54,849 - INFO - Committed batch. Progress: 700/1464 (Schools with scores: 0)
2025-09-07 15:03:11,040 - INFO - Committed batch. Progress: 750/1464 (Schools with scores: 0)
2025-09-07 15:03:27,235 - INFO - Committed batch. Progress: 800/1464 (Schools with scores: 0)
2025-09-07 15:03:43,429 - INFO - Committed batch. Progress: 850/1464 (Schools with scores: 0)
2025-09-07 15:03:59,629 - INFO - Committed batch. Progress: 900/1464 (Schools with scores: 0)
2025-09-07 15:04:15,819 - INFO - Committed batch. Progress: 950/1464 (Schools with scores: 0)
2025-09-07 15:04:32,024 - INFO - Committed batch. Progress: 1000/1464 (Schools with scores: 0)
2025-09-07 15:04:48,218 - INFO - Committed batch. Progress: 1050/1464 (Schools with scores: 0)
2025-09-07 15:05:04,413 - INFO - Committed batch. Progress: 1100/1464 (Schools with scores: 0)
2025-09-07 15:05:06,475 - INFO - Database connection closed
