2025-09-07 14:33:22,480 - INFO - Database connection established
2025-09-07 14:33:22,800 - INFO - uk_absence_data table already exists
2025-09-07 14:33:22,959 - INFO - Starting data upload for Wales schools...
2025-09-07 14:33:22,969 - INFO - Found 1464 schools in CSV file
2025-09-07 14:33:23,452 - INFO - [1/1464] Updated: Ysgol Gynradd Amlwch - Lit: None, Math: None, Sci: None
2025-09-07 14:33:23,771 - INFO - [2/1464] Updated: Ysgol Gynradd Beaumaris - Lit: None, Math: None, Sci: None
2025-09-07 14:33:24,090 - INFO - [3/1464] Updated: Ysgol Gynradd Bodedern - Lit: None, Math: None, Sci: None
2025-09-07 14:33:24,409 - INFO - [4/1464] Updated: Ysgol Gymuned Bodffordd - Lit: None, Math: None, Sci: None
2025-09-07 14:33:24,727 - INFO - [5/1464] Updated: Ysgol Gymuned Bryngwran - Lit: None, Math: None, Sci: None
2025-09-07 14:33:25,045 - INFO - [6/1464] Updated: Ysgol Gynradd Brynsiencyn - Lit: None, Math: None, Sci: None
2025-09-07 14:33:25,364 - INFO - [7/1464] Updated: Ysgol Cemaes - Lit: None, Math: None, Sci: None
2025-09-07 14:33:25,683 - INFO - [8/1464] Updated: Ysgol Esceifiog - Lit: None, Math: None, Sci: None
2025-09-07 14:33:26,001 - INFO - [9/1464] Updated: Ysgol Gymuned y Ffridd - Lit: None, Math: None, Sci: None
2025-09-07 14:33:26,321 - INFO - [10/1464] Updated: Ysgol Gymuned Moelfre - Lit: None, Math: None, Sci: None
2025-09-07 14:33:26,640 - INFO - [11/1464] Updated: Ysgol Gynradd Llanbedrgoch - Lit: None, Math: None, Sci: None
2025-09-07 14:33:26,961 - INFO - [12/1464] Updated: Ysgol Gynradd Llanfairpwll - Lit: None, Math: None, Sci: None
2025-09-07 14:33:27,285 - INFO - [13/1464] Updated: Ysgol Gymuned Llanfechell - Lit: None, Math: None, Sci: None
2025-09-07 14:33:27,605 - INFO - [14/1464] Updated: Ysgol Y Graig - Lit: None, Math: None, Sci: None
2025-09-07 14:33:27,924 - INFO - [15/1464] Updated: YSGOL GYNRADD LLANGOED - Lit: None, Math: None, Sci: None
2025-09-07 14:33:28,243 - INFO - [16/1464] Updated: Ysgol Henblas - Lit: None, Math: None, Sci: None
2025-09-07 14:33:28,561 - INFO - [17/1464] Updated: Ysgol Gymuned Llannerch-y-medd - Lit: None, Math: None, Sci: None
2025-09-07 14:33:28,880 - INFO - [18/1464] Updated: Ysgol Pencarnisiog - Lit: None, Math: None, Sci: None
2025-09-07 14:33:29,199 - INFO - [19/1464] Updated: Ysgol Gymuned Pentraeth - Lit: None, Math: None, Sci: None
2025-09-07 14:33:29,518 - INFO - [20/1464] Updated: Ysgol Penysarn - Lit: None, Math: None, Sci: None
2025-09-07 14:33:29,837 - INFO - [21/1464] Updated: Ysgol Santes Gwenfaen - Lit: None, Math: None, Sci: None
2025-09-07 14:33:30,156 - INFO - [22/1464] Updated: Ysgol Gynradd Rhosneigr - Lit: None, Math: None, Sci: None
2025-09-07 14:33:30,476 - INFO - [23/1464] Updated: Ysgol Gynradd Rhosybol - Lit: None, Math: None, Sci: None
2025-09-07 14:33:30,795 - INFO - [24/1464] Updated: Ysgol Gymuned y Fali - Lit: None, Math: None, Sci: None
2025-09-07 14:33:31,114 - INFO - [25/1464] Updated: Ysgol Llanfawr - Lit: None, Math: None, Sci: None
2025-09-07 14:33:31,434 - INFO - [26/1464] Updated: Ysgol Goronwy Owen - Lit: None, Math: None, Sci: None
2025-09-07 14:33:31,752 - INFO - [27/1464] Updated: Ysgol Gynradd Y Tywyn - Lit: None, Math: None, Sci: None
2025-09-07 14:33:32,071 - INFO - [28/1464] Updated: Ysgol Gynradd Llandegfan - Lit: None, Math: None, Sci: None
2025-09-07 14:33:32,391 - INFO - [29/1464] Updated: Ysgol Gynradd y Borth - Lit: None, Math: None, Sci: None
2025-09-07 14:33:32,710 - INFO - [30/1464] Updated: Ysgol Gynradd Kingsland - Lit: None, Math: None, Sci: None
2025-09-07 14:33:33,029 - INFO - [31/1464] Updated: Ysgol Gymraeg Morswyn - Lit: None, Math: None, Sci: None
2025-09-07 14:33:33,348 - INFO - [32/1464] Updated: Ysgol Gynradd Corn Hir - Lit: None, Math: None, Sci: None
2025-09-07 14:33:33,667 - INFO - [33/1464] Updated: Rhyd y Llan - Lit: None, Math: None, Sci: None
2025-09-07 14:33:33,986 - INFO - [34/1464] Updated: Ysgol Parc y Bont - Lit: None, Math: None, Sci: None
2025-09-07 14:33:34,305 - INFO - [35/1464] Updated: Cybi - Lit: None, Math: None, Sci: None
2025-09-07 14:33:34,630 - INFO - [36/1464] Updated: Ysgol Santes Dwynwen - Lit: None, Math: None, Sci: None
2025-09-07 14:33:34,948 - INFO - [37/1464] Updated: Ysgol Santes Fair - Lit: None, Math: None, Sci: None
2025-09-07 14:33:35,267 - INFO - [38/1464] Updated: Ysgol Syr Thomas Jones - Lit: None, Math: None, Sci: None
2025-09-07 14:33:35,586 - INFO - [39/1464] Updated: Ysgol Uwchradd Caergybi - Lit: None, Math: None, Sci: None
2025-09-07 14:33:35,905 - INFO - [40/1464] Updated: Ysgol Gyfun Llangefni - Lit: None, Math: None, Sci: None
2025-09-07 14:33:36,223 - INFO - [41/1464] Updated: Ysgol David Hughes - Lit: None, Math: None, Sci: None
2025-09-07 14:33:36,542 - INFO - [42/1464] Updated: Ysgol Uwchradd Bodedern - Lit: None, Math: None, Sci: None
2025-09-07 14:33:36,861 - INFO - [43/1464] Updated: Ysgol Caergeiliog - Lit: None, Math: None, Sci: None
2025-09-07 14:33:37,179 - INFO - [44/1464] Updated: Canolfan Addysg y Bont - Lit: None, Math: None, Sci: None
2025-09-07 14:33:37,500 - INFO - [45/1464] Updated: Ysgol Gwaun Gyfni - Lit: None, Math: None, Sci: None
2025-09-07 14:33:37,818 - INFO - [46/1464] Updated: YSGOL GYNRADD NEFYN - Lit: None, Math: None, Sci: None
2025-09-07 14:33:38,137 - INFO - [47/1464] Updated: Ysgol Llanrug - Lit: None, Math: None, Sci: None
2025-09-07 14:33:38,456 - INFO - [48/1464] Updated: Ysgol Gynradd Abererch - Lit: None, Math: None, Sci: None
2025-09-07 14:33:38,775 - INFO - [49/1464] Updated: YSGOL BEDDGELERT - Lit: None, Math: None, Sci: None
2025-09-07 14:33:39,093 - INFO - [50/1464] Updated: Ysgol Bethel - Lit: None, Math: None, Sci: None
2025-09-07 14:33:39,253 - INFO - Committed batch. Progress: 50/1464
2025-09-07 14:33:39,730 - INFO - [51/1464] Updated: Ysgol Bodfeurig - Lit: None, Math: None, Sci: None
2025-09-07 14:33:40,049 - INFO - [52/1464] Updated: YSGOL GYNRADD BORTH-Y-GEST - Lit: None, Math: None, Sci: None
2025-09-07 14:33:40,368 - INFO - [53/1464] Updated: Ysgol Brynaerau - Lit: None, Math: None, Sci: None
2025-09-07 14:33:40,687 - INFO - [54/1464] Updated: Ysgol Y Gelli - Lit: None, Math: None, Sci: None
2025-09-07 14:33:41,006 - INFO - [55/1464] Updated: Ysgol Penybryn - Lit: None, Math: None, Sci: None
2025-09-07 14:33:41,325 - INFO - [56/1464] Updated: Ysgol Treferthyr - Lit: None, Math: None, Sci: None
2025-09-07 14:33:41,643 - INFO - [57/1464] Updated: Ysgol Gynradd Chwilog - Lit: None, Math: None, Sci: None
2025-09-07 14:33:41,962 - INFO - [58/1464] Updated: YSGOL CRUD-Y-WERIN - Lit: None, Math: None, Sci: None
2025-09-07 14:33:42,281 - INFO - [59/1464] Updated: Ysgol Dolbadarn - Lit: None, Math: None, Sci: None
2025-09-07 14:33:42,599 - INFO - [60/1464] Updated: Ysgol Gynradd Edern - Lit: None, Math: None, Sci: None
2025-09-07 14:33:42,919 - INFO - [61/1464] Updated: Ysgol Bro Plenydd - Lit: None, Math: None, Sci: None
2025-09-07 14:33:43,238 - INFO - [62/1464] Updated: Ysgol Gynradd Garndolbenmaen - Lit: None, Math: None, Sci: None
2025-09-07 14:33:43,558 - INFO - [63/1464] Updated: Ysgol Gynradd Llanbedrog - Lit: None, Math: None, Sci: None
2025-09-07 14:33:43,877 - INFO - [64/1464] Updated: Ysgol Gynradd Llangybi - Lit: None, Math: None, Sci: None
2025-09-07 14:33:44,196 - INFO - [65/1464] Updated: Ysgol Llanllechid - Lit: None, Math: None, Sci: None
2025-09-07 14:33:44,518 - INFO - [66/1464] Updated: Ysgol Gynradd Llanllyfni - Lit: None, Math: None, Sci: None
2025-09-07 14:33:44,836 - INFO - [67/1464] Updated: YSGOL BABANOD MORFA NEFYN - Lit: None, Math: None, Sci: None
2025-09-07 14:33:45,155 - INFO - [68/1464] Updated: Ysgol Baladeulyn - Lit: None, Math: None, Sci: None
2025-09-07 14:33:45,473 - INFO - [69/1464] Updated: Ysgol Gynradd Nebo - Lit: None, Math: None, Sci: None
2025-09-07 14:33:45,792 - INFO - [70/1464] Updated: Ysgol Gymuned Penisarwaun - Lit: None, Math: None, Sci: None
2025-09-07 14:33:46,111 - INFO - [71/1464] Updated: Ysgol Bro Lleu - Lit: None, Math: None, Sci: None
2025-09-07 14:33:46,430 - INFO - [72/1464] Updated: YSGOL GYNRADD  PENTREUCHAF - Lit: None, Math: None, Sci: None
2025-09-07 14:33:46,748 - INFO - [73/1464] Updated: Ysgol Rhiwlas - Lit: None, Math: None, Sci: None
2025-09-07 14:33:47,067 - INFO - [74/1464] Updated: Ysgol Gynradd Rhosgadfan - Lit: None, Math: None, Sci: None
2025-09-07 14:33:47,386 - INFO - [75/1464] Updated: Ysgol Gynradd Rhostryfan - Lit: None, Math: None, Sci: None
2025-09-07 14:33:47,705 - INFO - [76/1464] Updated: YSGOL SARN BACH - Lit: None, Math: None, Sci: None
2025-09-07 14:33:48,023 - INFO - [77/1464] Updated: Ysgol Eifion Wyn - Lit: None, Math: None, Sci: None
2025-09-07 14:33:48,341 - INFO - [78/1464] Updated: Ysgol Gynradd Talysarn - Lit: None, Math: None, Sci: None
2025-09-07 14:33:48,660 - INFO - [79/1464] Updated: YSGOL Y GORLAN - Lit: None, Math: None, Sci: None
2025-09-07 14:33:48,979 - INFO - [80/1464] Updated: Ysgol yr Eifl - Lit: None, Math: None, Sci: None
2025-09-07 14:33:49,297 - INFO - [81/1464] Updated: YSGOL GYNRADD TUDWEILIOG - Lit: None, Math: None, Sci: None
2025-09-07 14:33:49,619 - INFO - [82/1464] Updated: Ysgol Waunfawr - Lit: None, Math: None, Sci: None
2025-09-07 14:33:49,938 - INFO - [83/1464] Updated: Ysgol Glancegin - Lit: None, Math: None, Sci: None
2025-09-07 14:33:50,257 - INFO - [84/1464] Updated: Ysgol Yr Hendre - Lit: None, Math: None, Sci: None
2025-09-07 14:33:50,575 - INFO - [85/1464] Updated: Ysgol Bontnewydd - Lit: None, Math: None, Sci: None
2025-09-07 14:33:50,893 - INFO - [86/1464] Updated: Ysgol Gymraeg y Garnedd - Lit: None, Math: None, Sci: None
2025-09-07 14:33:51,221 - INFO - [87/1464] Updated: Ysgol Cymerau - Lit: None, Math: None, Sci: None
2025-09-07 14:33:51,539 - INFO - [88/1464] Updated: Ysgol Abercaseg (Babanod) - Lit: None, Math: None, Sci: None
2025-09-07 14:33:51,858 - INFO - [89/1464] Updated: Ysgol y Felinheli - Lit: None, Math: None, Sci: None
2025-09-07 14:33:52,176 - INFO - [90/1464] Updated: Ysgol y Traeth - Lit: None, Math: None, Sci: None
2025-09-07 14:33:52,495 - INFO - [91/1464] Updated: Ysgol Gynradd Dyffryn Dulas - Lit: None, Math: None, Sci: None
2025-09-07 14:33:52,815 - INFO - [92/1464] Updated: Ysgol Gynradd Dyffryn Ardudwy - Lit: None, Math: None, Sci: None
2025-09-07 14:33:53,134 - INFO - [93/1464] Updated: Ysgol Bro Cynfal - Lit: None, Math: None, Sci: None
2025-09-07 14:33:53,452 - INFO - [94/1464] Updated: Ysgol Edmwnd Prys - Lit: None, Math: None, Sci: None
2025-09-07 14:33:53,771 - INFO - [95/1464] Updated: Ysgol Gynradd Llanbedr - Lit: None, Math: None, Sci: None
2025-09-07 14:33:54,093 - INFO - [96/1464] Updated: YSGOL Y GARREG - Lit: None, Math: None, Sci: None
2025-09-07 14:33:54,422 - INFO - [97/1464] Updated: Ysgol O M Edwards - Lit: None, Math: None, Sci: None
2025-09-07 14:33:54,741 - INFO - [98/1464] Updated: Ysgol Manod - Lit: None, Math: None, Sci: None
2025-09-07 14:33:55,060 - INFO - [99/1464] Updated: Ysgol Gynradd Pennal - Lit: None, Math: None, Sci: None
2025-09-07 14:33:55,379 - INFO - [100/1464] Updated: Ysgol Cefn Coch - Lit: None, Math: None, Sci: None
2025-09-07 14:33:55,538 - INFO - Committed batch. Progress: 100/1464
2025-09-07 14:33:56,015 - INFO - [101/1464] Updated: Ysgol Talsarnau - Lit: None, Math: None, Sci: None
2025-09-07 14:33:56,333 - INFO - [102/1464] Updated: Ysgol Gynradd Tanygrisiau - Lit: None, Math: None, Sci: None
2025-09-07 14:33:56,652 - INFO - [103/1464] Updated: Ysgol Gynradd Penybryn - Lit: None, Math: None, Sci: None
2025-09-07 14:33:56,970 - INFO - [104/1464] Updated: Ysgol Bro Hedd Wyn - Lit: None, Math: None, Sci: None
2025-09-07 14:33:57,289 - INFO - [105/1464] Updated: Ysgol Bro Tryweryn - Lit: None, Math: None, Sci: None
2025-09-07 14:33:57,607 - INFO - [106/1464] Updated: Ysgol Tanycastell - Lit: None, Math: None, Sci: None
2025-09-07 14:33:57,925 - INFO - [107/1464] Updated: Ysgol Ffridd y LLyn - Lit: None, Math: None, Sci: None
2025-09-07 14:33:58,244 - INFO - [108/1464] Updated: Ysgol Maenofferen - Lit: None, Math: None, Sci: None
2025-09-07 14:33:58,562 - INFO - [109/1464] Updated: Ysgol Hirael - Lit: None, Math: None, Sci: None
2025-09-07 14:33:58,881 - INFO - [110/1464] Updated: Ysgol Craig y Deryn - Lit: None, Math: None, Sci: None
2025-09-07 14:33:59,199 - INFO - [111/1464] Updated: Ysgol Bro Llifon - Lit: None, Math: None, Sci: None
2025-09-07 14:33:59,518 - INFO - [112/1464] Updated: YSGOL PONT Y GOF - Lit: None, Math: None, Sci: None
2025-09-07 14:33:59,837 - INFO - [113/1464] Updated: Ysgol Gynradd Maesincla - Lit: None, Math: None, Sci: None
2025-09-07 14:34:00,157 - INFO - [114/1464] Updated: Ysgol Y Faenol - Lit: None, Math: None, Sci: None
2025-09-07 14:34:00,475 - INFO - [115/1464] Updated: YSGOL FOEL GRON - Lit: None, Math: None, Sci: None
2025-09-07 14:34:00,794 - INFO - [116/1464] Updated: Ysgol Llandygai - Lit: None, Math: None, Sci: None
2025-09-07 14:34:01,112 - INFO - [117/1464] Updated: Ysgol Gynradd Llandwrog - Lit: None, Math: None, Sci: None
2025-09-07 14:34:01,432 - INFO - [118/1464] Updated: Ysgol Gynradd Llanystumdwy - Lit: None, Math: None, Sci: None
2025-09-07 14:34:01,751 - INFO - [119/1464] Updated: Ysgol Tregarth - Lit: None, Math: None, Sci: None
2025-09-07 14:34:02,070 - INFO - [120/1464] Updated: Ysgol Cae Top - Lit: None, Math: None, Sci: None
2025-09-07 14:34:02,388 - INFO - [121/1464] Updated: Ysgol Santes Helen - Lit: None, Math: None, Sci: None
2025-09-07 14:34:02,707 - INFO - [122/1464] Updated: Ysgol Ein Harglwyddes - Lit: None, Math: None, Sci: None
2025-09-07 14:34:03,026 - INFO - [123/1464] Updated: Ysgol Dyffryn Ogwen Bethesda - Lit: None, Math: None, Sci: None
2025-09-07 14:34:03,345 - INFO - [124/1464] Updated: Ysgol Botwnnog - Lit: None, Math: None, Sci: None
2025-09-07 14:34:03,664 - INFO - [125/1464] Updated: Ysgol Brynrefail - Lit: None, Math: None, Sci: None
2025-09-07 14:34:03,983 - INFO - [126/1464] Updated: Ysgol Dyffryn Nantlle - Lit: None, Math: None, Sci: None
2025-09-07 14:34:04,304 - INFO - [127/1464] Updated: YSGOL EIFIONYDD - Lit: None, Math: None, Sci: None
2025-09-07 14:34:04,622 - INFO - [128/1464] Updated: Ysgol Y Moelwyn - Lit: None, Math: None, Sci: None
2025-09-07 14:34:04,942 - INFO - [129/1464] Updated: YSGOL UWCHRADD TYWYN - Lit: None, Math: None, Sci: None
2025-09-07 14:34:05,261 - INFO - [130/1464] Updated: Ysgol Ardudwy - Lit: None, Math: None, Sci: None
2025-09-07 14:34:05,580 - INFO - [131/1464] Updated: Ysgol Friars - Lit: None, Math: None, Sci: None
2025-09-07 14:34:05,899 - INFO - [132/1464] Updated: Ysgol Tryfan - Lit: None, Math: None, Sci: None
2025-09-07 14:34:06,217 - INFO - [133/1464] Updated: Ysgol Syr Hugh Owen - Lit: None, Math: None, Sci: None
2025-09-07 14:34:06,537 - INFO - [134/1464] Updated: Ysgol Glan y Mor - Lit: None, Math: None, Sci: None
2025-09-07 14:34:06,855 - INFO - [135/1464] Updated: Bro Idris - Lit: None, Math: None, Sci: None
2025-09-07 14:34:07,176 - INFO - [136/1464] Updated: YSGOL Godre'r Berwyn - Lit: None, Math: None, Sci: None
2025-09-07 14:34:07,494 - INFO - [137/1464] Updated: Ysgol Pendalar - Lit: None, Math: None, Sci: None
2025-09-07 14:34:07,816 - INFO - [138/1464] Updated: Ysgol Hafod Lon - Lit: None, Math: None, Sci: None
2025-09-07 14:34:08,137 - INFO - [139/1464] Updated: Ysgol Betws y Coed - Lit: None, Math: None, Sci: None
2025-09-07 14:34:08,459 - INFO - [140/1464] Updated: Ysgol Capelulo - Lit: None, Math: None, Sci: None
2025-09-07 14:34:08,780 - INFO - [141/1464] Updated: Ysgol Deganwy - Lit: None, Math: None, Sci: None
2025-09-07 14:34:09,101 - INFO - [142/1464] Updated: Ysgol Dolwyddelan - Lit: None, Math: None, Sci: None
2025-09-07 14:34:09,422 - INFO - [143/1464] Updated: Ysgol Ffordd Dyffryn - Lit: None, Math: None, Sci: None
2025-09-07 14:34:09,743 - INFO - [144/1464] Updated: Ysgol Glanwydden - Lit: None, Math: None, Sci: None
2025-09-07 14:34:10,065 - INFO - [145/1464] Updated: Ysgol Tudno - Lit: None, Math: None, Sci: None
2025-09-07 14:34:10,388 - INFO - [146/1464] Updated: Ysgol Morfa Rhianedd - Lit: None, Math: None, Sci: None
2025-09-07 14:34:10,709 - INFO - [147/1464] Updated: Ysgol Penmachno - Lit: None, Math: None, Sci: None
2025-09-07 14:34:11,030 - INFO - [148/1464] Updated: Ysgol Llandrillo yn Rhos - Lit: None, Math: None, Sci: None
2025-09-07 14:34:11,351 - INFO - [149/1464] Updated: Ysgol Talhaiarn - Lit: None, Math: None, Sci: None
2025-09-07 14:34:11,673 - INFO - [150/1464] Updated: Ysgol Babanod Mochdre - Lit: None, Math: None, Sci: None
2025-09-07 14:34:11,834 - INFO - Committed batch. Progress: 150/1464
2025-09-07 14:34:12,316 - INFO - [151/1464] Updated: Ysgol  T. Gwynn Jones - Lit: None, Math: None, Sci: None
2025-09-07 14:34:12,640 - INFO - [152/1464] Updated: Ysgol Maes Owen - Lit: None, Math: None, Sci: None
2025-09-07 14:34:12,961 - INFO - [153/1464] Updated: Ysgol Glan Gele - Lit: None, Math: None, Sci: None
2025-09-07 14:34:13,282 - INFO - [154/1464] Updated: Ysgol Glan Morfa - Lit: None, Math: None, Sci: None
2025-09-07 14:34:13,603 - INFO - [155/1464] Updated: Ysgol Bod Alaw - Lit: None, Math: None, Sci: None
2025-09-07 14:34:13,924 - INFO - [156/1464] Updated: Ysgol Pant y Rhedyn - Lit: None, Math: None, Sci: None
2025-09-07 14:34:14,247 - INFO - [157/1464] Updated: Ysgol Y Foryd - Lit: None, Math: None, Sci: None
2025-09-07 14:34:14,568 - INFO - [158/1464] Updated: Ysgol Craig y Don - Lit: None, Math: None, Sci: None
2025-09-07 14:34:14,889 - INFO - [159/1464] Updated: Ysgol Cerrigydrudion - Lit: None, Math: None, Sci: None
2025-09-07 14:34:15,220 - INFO - [160/1464] Updated: Ysgol Bro Aled, Llansannan - Lit: None, Math: None, Sci: None
2025-09-07 14:34:15,541 - INFO - [161/1464] Updated: Ysgol Gynradd Bro Cernyw - Lit: None, Math: None, Sci: None
2025-09-07 14:34:15,862 - INFO - [162/1464] Updated: Ysgol Sant Elfod - Lit: None, Math: None, Sci: None
2025-09-07 14:34:16,184 - INFO - [163/1464] Updated: Ysgol Capel Garmon - Lit: None, Math: None, Sci: None
2025-09-07 14:34:16,505 - INFO - [164/1464] Updated: Ysgol Glan Conwy - Lit: None, Math: None, Sci: None
2025-09-07 14:34:16,826 - INFO - [165/1464] Updated: Ysgol Cynfran - Lit: None, Math: None, Sci: None
2025-09-07 14:34:17,147 - INFO - [166/1464] Updated: Ysgol Iau Hen Golwyn - Lit: None, Math: None, Sci: None
2025-09-07 14:34:17,468 - INFO - [167/1464] Updated: Ysgol Cystennin - Lit: None, Math: None, Sci: None
2025-09-07 14:34:17,790 - INFO - [168/1464] Updated: Ysgol Pentrefoelas - Lit: None, Math: None, Sci: None
2025-09-07 14:34:18,112 - INFO - [169/1464] Updated: Ysgol Bro Gwydir - Lit: None, Math: None, Sci: None
2025-09-07 14:34:18,434 - INFO - [170/1464] Updated: Ysgol Nant Y Groes - Lit: None, Math: None, Sci: None
2025-09-07 14:34:18,755 - INFO - [171/1464] Updated: Ysgol Swn Y Don - Lit: None, Math: None, Sci: None
2025-09-07 14:34:19,076 - INFO - [172/1464] Updated: Ysgol Awel y Mynydd - Lit: None, Math: None, Sci: None
2025-09-07 14:34:19,397 - INFO - [173/1464] Updated: Ysgol Dyffryn Yr Enfys - Lit: None, Math: None, Sci: None
2025-09-07 14:34:19,725 - INFO - [174/1464] Updated: Ysgol Babanod Llanfairfechan - Lit: None, Math: None, Sci: None
2025-09-07 14:34:20,047 - INFO - [175/1464] Updated: Ysgol Llangelynnin - Lit: None, Math: None, Sci: None
2025-09-07 14:34:20,368 - INFO - [176/1464] Updated: Ysgol Pencae - Lit: None, Math: None, Sci: None
2025-09-07 14:34:20,689 - INFO - [177/1464] Updated: Ysgol Ysbyty Ifan - Lit: None, Math: None, Sci: None
2025-09-07 14:34:21,010 - INFO - [178/1464] Updated: Ysgol St. George - Lit: None, Math: None, Sci: None
2025-09-07 14:34:21,331 - INFO - [179/1464] Updated: Ysgol Llanddoged - Lit: None, Math: None, Sci: None
2025-09-07 14:34:21,652 - INFO - [180/1464] Updated: Ysgol Eglwysbach - Lit: None, Math: None, Sci: None
2025-09-07 14:34:21,974 - INFO - [181/1464] Updated: Ysgol Porth Y Felin - Lit: None, Math: None, Sci: None
2025-09-07 14:34:22,296 - INFO - [182/1464] Updated: Ysgol Llanddulas - Lit: None, Math: None, Sci: None
2025-09-07 14:34:22,612 - INFO - [183/1464] Updated: Ysgol Betws yn Rhos - Lit: None, Math: None, Sci: None
2025-09-07 14:34:22,929 - INFO - [184/1464] Updated: Ysgol Bodafon - Lit: None, Math: None, Sci: None
2025-09-07 14:34:23,246 - INFO - [185/1464] Updated: Ysgol Bendigaid William Davies - Lit: None, Math: None, Sci: None
2025-09-07 14:34:23,562 - INFO - [186/1464] Updated: Ysgol  San Sior - Lit: None, Math: None, Sci: None
2025-09-07 14:34:23,880 - INFO - [187/1464] Updated: Ysgol Sant Joseph - Lit: None, Math: None, Sci: None
2025-09-07 14:34:24,197 - INFO - [188/1464] Updated: Ysgol y Plas - Lit: None, Math: None, Sci: None
2025-09-07 14:34:24,513 - INFO - [189/1464] Updated: Ysgol John Bright - Lit: None, Math: None, Sci: None
2025-09-07 14:34:24,830 - INFO - [190/1464] Updated: Ysgol Aberconwy - Lit: None, Math: None, Sci: None
2025-09-07 14:34:25,146 - INFO - [191/1464] Updated: YSGOL DYFFRYN CONWY - Lit: None, Math: None, Sci: None
2025-09-07 14:34:25,463 - INFO - [192/1464] Updated: YSGOL Y CREUDDYN - Lit: None, Math: None, Sci: None
2025-09-07 14:34:25,780 - INFO - [193/1464] Updated: Ysgol Pen Y Bryn - Lit: None, Math: None, Sci: None
2025-09-07 14:34:26,097 - INFO - [194/1464] Updated: Ysgol Emrys ap Iwan - Lit: None, Math: None, Sci: None
2025-09-07 14:34:26,414 - INFO - [195/1464] Updated: Eirias High School - Lit: None, Math: None, Sci: None
2025-09-07 14:34:26,730 - INFO - [196/1464] Updated: Ysgol Bryn Elian - Lit: None, Math: None, Sci: None
2025-09-07 14:34:27,047 - INFO - [197/1464] Updated: Ysgol Y Gogarth - Lit: None, Math: None, Sci: None
2025-09-07 14:34:27,363 - INFO - [198/1464] Updated: Ysgol Hiraddug - Lit: None, Math: None, Sci: None
2025-09-07 14:34:27,680 - INFO - [199/1464] Updated: Ysgol Y Castell CP - Lit: None, Math: None, Sci: None
2025-09-07 14:34:27,997 - INFO - [200/1464] Updated: Christ Church Primary School - Lit: None, Math: None, Sci: None
2025-09-07 14:34:28,157 - INFO - Committed batch. Progress: 200/1464
2025-09-07 14:34:28,631 - INFO - [201/1464] Updated: Ysgol Llywelyn - Lit: None, Math: None, Sci: None
2025-09-07 14:34:28,947 - WARNING - [202/1464] School not found in database: Ysgol y Faenol (LL18 5TG)
2025-09-07 14:34:29,266 - INFO - [203/1464] Updated: Ysgol Penmorfa CP - Lit: None, Math: None, Sci: None
2025-09-07 14:34:29,583 - INFO - [204/1464] Updated: Ysgol Emmanuel - Lit: None, Math: None, Sci: None
2025-09-07 14:34:29,899 - INFO - [205/1464] Updated: Ysgol Dewi Sant - Lit: None, Math: None, Sci: None
2025-09-07 14:34:30,217 - INFO - [206/1464] Updated: Ysgol Melyd - Lit: None, Math: None, Sci: None
2025-09-07 14:34:30,533 - INFO - [207/1464] Updated: Ysgol Bodfari - Lit: None, Math: None, Sci: None
2025-09-07 14:34:30,850 - INFO - [208/1464] Updated: Ysgol Bryn Hedydd - Lit: None, Math: None, Sci: None
2025-09-07 14:34:31,167 - INFO - [209/1464] Updated: Ysgol Cefn Meiriadog - Lit: None, Math: None, Sci: None
2025-09-07 14:34:31,484 - INFO - [210/1464] Updated: Frongoch Juniors - Lit: None, Math: None, Sci: None
2025-09-07 14:34:31,801 - INFO - [211/1464] Updated: Ysgol Gymraeg Henllan - Lit: None, Math: None, Sci: None
2025-09-07 14:34:32,118 - INFO - [212/1464] Updated: Ysgol Twm o'r Nant - Lit: None, Math: None, Sci: None
2025-09-07 14:34:32,434 - INFO - [213/1464] Updated: Ysgol Bryn Clwyd - Lit: None, Math: None, Sci: None
2025-09-07 14:34:32,750 - INFO - [214/1464] Updated: Ysgol Y Parc - Lit: None, Math: None, Sci: None
2025-09-07 14:34:33,067 - INFO - [215/1464] Updated: Ysgol Gellifor - Lit: None, Math: None, Sci: None
2025-09-07 14:34:33,384 - INFO - [216/1464] Updated: Ysgol Pentrecelyn - Lit: None, Math: None, Sci: None
2025-09-07 14:34:33,700 - INFO - [217/1464] Updated: Ysgol Betws Gwerful Goch - Lit: None, Math: None, Sci: None
2025-09-07 14:34:34,017 - INFO - [218/1464] Updated: Ysgol Carrog - Lit: None, Math: None, Sci: None
2025-09-07 14:34:34,335 - INFO - [219/1464] Updated: Ysgol Caer Drewyn - Lit: None, Math: None, Sci: None
2025-09-07 14:34:34,652 - INFO - [220/1464] Updated: Ysgol Bro Elwern - Lit: None, Math: None, Sci: None
2025-09-07 14:34:34,969 - INFO - [221/1464] Updated: Ysgol Y Llys - Lit: None, Math: None, Sci: None
2025-09-07 14:34:35,286 - INFO - [222/1464] Updated: Ysgol Bryn Collen - Lit: None, Math: None, Sci: None
2025-09-07 14:34:35,603 - INFO - [223/1464] Updated: Rhos Street CP School - Lit: None, Math: None, Sci: None
2025-09-07 14:34:35,920 - INFO - [224/1464] Updated: Ysgol Pen Barras - Lit: None, Math: None, Sci: None
2025-09-07 14:34:36,237 - INFO - [225/1464] Updated: Ysgol Bro Cinmeirch - Lit: None, Math: None, Sci: None
2025-09-07 14:34:36,554 - INFO - [226/1464] Updated: Ysgol Bro Famau - Lit: None, Math: None, Sci: None
2025-09-07 14:34:36,871 - INFO - [227/1464] Updated: Ysgol Gymraeg y Gwernant - Lit: None, Math: None, Sci: None
2025-09-07 14:34:37,189 - INFO - [228/1464] Updated: Ysgol Clawdd Offa - Lit: None, Math: None, Sci: None
2025-09-07 14:34:37,505 - INFO - [229/1464] Updated: Bodnant Community Primary School - Lit: None, Math: None, Sci: None
2025-09-07 14:34:37,822 - INFO - [230/1464] Updated: Ysgol Pendref - Lit: None, Math: None, Sci: None
2025-09-07 14:34:38,139 - INFO - [231/1464] Updated: Ysgol_Bro_Dyfrdwy - Lit: None, Math: None, Sci: None
2025-09-07 14:34:38,457 - INFO - [232/1464] Updated: Ysgol Carreg Emlyn - Lit: None, Math: None, Sci: None
2025-09-07 14:34:38,773 - INFO - [233/1464] Updated: Ysgol Tremeirchion - Lit: None, Math: None, Sci: None
2025-09-07 14:34:39,090 - INFO - [234/1464] Updated: St Asaph Infants School - Lit: None, Math: None, Sci: None
2025-09-07 14:34:39,406 - INFO - [235/1464] Updated: Ysgol Llanbedr - Lit: None, Math: None, Sci: None
2025-09-07 14:34:39,724 - INFO - [236/1464] Updated: Ysgol Llanfair Dyffryn Clwyd - Lit: None, Math: None, Sci: None
2025-09-07 14:34:40,040 - INFO - [237/1464] Updated: Ysgol Borthyn - Lit: None, Math: None, Sci: None
2025-09-07 14:34:40,357 - INFO - [238/1464] Updated: Ysgol Pant Pastynog - Lit: None, Math: None, Sci: None
2025-09-07 14:34:40,680 - INFO - [239/1464] Updated: Ysgol Dyffryn Ial - Lit: None, Math: None, Sci: None
2025-09-07 14:34:40,998 - INFO - [240/1464] Updated: Ysgol Esgob Morgan - Lit: None, Math: None, Sci: None
2025-09-07 14:34:41,315 - INFO - [241/1464] Updated: Ysgol Trefnant - Lit: None, Math: None, Sci: None
2025-09-07 14:34:41,632 - INFO - [242/1464] Updated: Rhyl High School - Lit: None, Math: None, Sci: None
2025-09-07 14:34:41,949 - INFO - [243/1464] Updated: Prestatyn High School - Lit: None, Math: None, Sci: None
2025-09-07 14:34:42,266 - INFO - [244/1464] Updated: Ysgol Uwchradd Glan Clwyd - Lit: None, Math: None, Sci: None
2025-09-07 14:34:42,583 - INFO - [245/1464] Updated: Denbigh High School - Lit: None, Math: None, Sci: None
2025-09-07 14:34:42,899 - INFO - [246/1464] Updated: Ysgol Dinas Bran - Lit: None, Math: None, Sci: None
2025-09-07 14:34:43,216 - INFO - [247/1464] Updated: Ysgol Brynhyfryd - Lit: None, Math: None, Sci: None
2025-09-07 14:34:43,532 - INFO - [248/1464] Updated: St Brigid's School - Lit: None, Math: None, Sci: None
2025-09-07 14:34:43,849 - INFO - [249/1464] Updated: Christ the Word - Lit: None, Math: None, Sci: None
2025-09-07 14:34:44,167 - INFO - [250/1464] Updated: YSGOL TIR MORFA - Lit: None, Math: None, Sci: None
2025-09-07 14:34:44,326 - INFO - Committed batch. Progress: 250/1464
2025-09-07 14:34:44,801 - INFO - [251/1464] Updated: Ysgol Plas Brondyffryn - Lit: None, Math: None, Sci: None
2025-09-07 14:34:45,118 - INFO - [252/1464] Updated: Ysgol Glan Aber - Lit: None, Math: None, Sci: None
2025-09-07 14:34:45,435 - INFO - [253/1464] Updated: Ysgol Merllyn - Lit: None, Math: None, Sci: None
2025-09-07 14:34:45,751 - INFO - [254/1464] Updated: Westwood CP - Lit: None, Math: None, Sci: None
2025-09-07 14:34:46,068 - INFO - [255/1464] Updated: Ewloe Green - Lit: None, Math: None, Sci: None
2025-09-07 14:34:46,385 - INFO - [256/1464] Updated: Bryn Garth CP - Lit: None, Math: None, Sci: None
2025-09-07 14:34:46,701 - INFO - [257/1464] Updated: Ysgol Gwynedd CP - Lit: None, Math: None, Sci: None
2025-09-07 14:34:47,019 - INFO - [258/1464] Updated: Ysgol Maesglas - Lit: None, Math: None, Sci: None
2025-09-07 14:34:47,335 - INFO - [259/1464] Updated: Ysgol Gymraeg Mornant - Lit: None, Math: None, Sci: None
2025-09-07 14:34:47,652 - INFO - [260/1464] Updated: Ysgol Estyn Community School - Lit: None, Math: None, Sci: None
2025-09-07 14:34:47,968 - INFO - [261/1464] Updated: Ysgol Glanrafon - Lit: None, Math: None, Sci: None
2025-09-07 14:34:48,284 - INFO - [262/1464] Updated: Northop Hall - Lit: None, Math: None, Sci: None
2025-09-07 14:34:48,601 - INFO - [263/1464] Updated: Wood Memorial Primary School - Lit: None, Math: None, Sci: None
2025-09-07 14:34:48,919 - INFO - [264/1464] Updated: Sealand CP School - Lit: None, Math: None, Sci: None
2025-09-07 14:34:49,235 - INFO - [265/1464] Updated: Sychdyn CP - Lit: None, Math: None, Sci: None
2025-09-07 14:34:49,552 - INFO - [266/1464] Updated: Trelogan Primary - Lit: None, Math: None, Sci: None
2025-09-07 14:34:49,869 - INFO - [267/1464] Updated: Bryn Pennant CP - Lit: None, Math: None, Sci: None
2025-09-07 14:34:50,185 - INFO - [268/1464] Updated: Ysgol Bro Carmel - Lit: None, Math: None, Sci: None
2025-09-07 14:34:50,505 - INFO - [269/1464] Updated: Rhos Helyg School - Lit: None, Math: None, Sci: None
2025-09-07 14:34:50,825 - INFO - [270/1464] Updated: Ysgol Terrig - Lit: None, Math: None, Sci: None
2025-09-07 14:34:51,142 - INFO - [271/1464] Updated: Ysgol Bryn Deva - Lit: None, Math: None, Sci: None
2025-09-07 14:34:51,458 - INFO - [272/1464] Updated: Sandycroft CP - Lit: None, Math: None, Sci: None
2025-09-07 14:34:51,775 - INFO - [273/1464] Updated: Gwernymynydd CP School - Lit: None, Math: None, Sci: None
2025-09-07 14:34:52,091 - INFO - [274/1464] Updated: Queensferry Community Primary School - Lit: None, Math: None, Sci: None
2025-09-07 14:34:52,408 - INFO - [275/1464] Updated: Ysgol Bryn Coch - Lit: None, Math: None, Sci: None
2025-09-07 14:34:52,724 - INFO - [276/1464] Updated: Mountain Lane Primary School - Lit: None, Math: None, Sci: None
2025-09-07 14:34:53,041 - INFO - [277/1464] Updated: Ysgol y Foel, Cilcain - Lit: None, Math: None, Sci: None
2025-09-07 14:34:53,358 - INFO - [278/1464] Updated: Brynford CP - Lit: None, Math: None, Sci: None
2025-09-07 14:34:53,675 - INFO - [279/1464] Updated: Ysgol Bryn Gwalia - Lit: None, Math: None, Sci: None
2025-09-07 14:34:53,992 - INFO - [280/1464] Updated: Golftyn CP School - Lit: None, Math: None, Sci: None
2025-09-07 14:34:54,309 - INFO - [281/1464] Updated: Saltney Ferry CP - Lit: None, Math: None, Sci: None
2025-09-07 14:34:54,626 - INFO - [282/1464] Updated: Y Waun - Lit: None, Math: None, Sci: None
2025-09-07 14:34:54,943 - INFO - [283/1464] Updated: Ysgol Gwenffrwd - Lit: None, Math: None, Sci: None
2025-09-07 14:34:55,260 - INFO - [284/1464] Updated: Abermorddu CP School - Lit: None, Math: None, Sci: None
2025-09-07 14:34:55,576 - INFO - [285/1464] Updated: Southdown CP - Lit: None, Math: None, Sci: None
2025-09-07 14:34:55,893 - INFO - [286/1464] Updated: Wepre Community School - Lit: None, Math: None, Sci: None
2025-09-07 14:34:56,209 - INFO - [287/1464] Updated: Drury Primary School - Lit: None, Math: None, Sci: None
2025-09-07 14:34:56,526 - INFO - [288/1464] Updated: Cornist Park CP - Lit: None, Math: None, Sci: None
2025-09-07 14:34:56,843 - INFO - [289/1464] Updated: Ysgol Derwenfa CP - Lit: None, Math: None, Sci: None
2025-09-07 14:34:57,159 - INFO - [290/1464] Updated: Penarlag CP - Lit: None, Math: None, Sci: None
2025-09-07 14:34:57,476 - INFO - [291/1464] Updated: Owen Jones CP - Lit: None, Math: None, Sci: None
2025-09-07 14:34:57,793 - INFO - [292/1464] Updated: Gronant Primary School - Lit: None, Math: None, Sci: None
2025-09-07 14:34:58,110 - INFO - [293/1464] Updated: Ysgol Gymraeg Croes Atti - Lit: None, Math: None, Sci: None
2025-09-07 14:34:58,426 - INFO - [294/1464] Updated: Ysgol Parc y Llan - Lit: None, Math: None, Sci: None
2025-09-07 14:34:58,744 - INFO - [295/1464] Updated: Ysgol Mynydd Isa - Lit: None, Math: None, Sci: None
2025-09-07 14:34:59,060 - INFO - [296/1464] Updated: Broughton Primary School - Lit: None, Math: None, Sci: None
2025-09-07 14:34:59,377 - INFO - [297/1464] Updated: Ysgol Cae'r Nant - Lit: None, Math: None, Sci: None
2025-09-07 14:34:59,694 - INFO - [298/1464] Updated: Ysgol Penyffordd - Lit: None, Math: None, Sci: None
2025-09-07 14:35:00,010 - INFO - [299/1464] Updated: Ysgol Ty Ffynnon - Lit: None, Math: None, Sci: None
2025-09-07 14:35:00,327 - INFO - [300/1464] Updated: Ysgol Maes Y Felin - Lit: None, Math: None, Sci: None
2025-09-07 14:35:00,486 - INFO - Committed batch. Progress: 300/1464
2025-09-07 14:35:00,960 - INFO - [301/1464] Updated: Nannerch V.C.P. School - Lit: None, Math: None, Sci: None
2025-09-07 14:35:01,276 - INFO - [302/1464] Updated: Ysgol Yr Esgob C in W - Lit: None, Math: None, Sci: None
2025-09-07 14:35:01,593 - INFO - [303/1464] Updated: St Mary's - Lit: None, Math: None, Sci: None
2025-09-07 14:35:01,909 - INFO - [304/1464] Updated: St Winefrides - Lit: None, Math: None, Sci: None
2025-09-07 14:35:02,226 - INFO - [305/1464] Updated: St David's Catholic Primary School - Lit: None, Math: None, Sci: None
2025-09-07 14:35:02,543 - INFO - [306/1464] Updated: St Anthony's Catholic Primary - Lit: None, Math: None, Sci: None
2025-09-07 14:35:02,861 - INFO - [307/1464] Updated: Venerable Edward Morgan RC - Lit: None, Math: None, Sci: None
2025-09-07 14:35:03,177 - INFO - [308/1464] Updated: Trelawnyd - Lit: None, Math: None, Sci: None
2025-09-07 14:35:03,494 - INFO - [309/1464] Updated: Ysgol y Llan VA Primary School Whitford - Lit: None, Math: None, Sci: None
2025-09-07 14:35:03,810 - INFO - [310/1464] Updated: St. Ethelwolds - Lit: None, Math: None, Sci: None
2025-09-07 14:35:04,129 - INFO - [311/1464] Updated: St John the Baptist VA School - Lit: None, Math: None, Sci: None
2025-09-07 14:35:04,445 - INFO - [312/1464] Updated: Nercwys VA - Lit: None, Math: None, Sci: None
2025-09-07 14:35:04,761 - INFO - [313/1464] Updated: Hawarden Village VA - Lit: None, Math: None, Sci: None
2025-09-07 14:35:05,078 - INFO - [314/1464] Updated: Lixwm VA Church in Wales Primary School - Lit: None, Math: None, Sci: None
2025-09-07 14:35:05,396 - INFO - [315/1464] Updated: Hawarden High School - Lit: None, Math: None, Sci: None
2025-09-07 14:35:05,727 - INFO - [316/1464] Updated: Alun School - Lit: None, Math: None, Sci: None
2025-09-07 14:35:06,044 - INFO - [317/1464] Updated: Elfed High School - Lit: None, Math: None, Sci: None
2025-09-07 14:35:06,361 - INFO - [318/1464] Updated: Ysgol Treffynnon - Lit: None, Math: None, Sci: None
2025-09-07 14:35:06,683 - INFO - [319/1464] Updated: St. David's High School - Lit: None, Math: None, Sci: None
2025-09-07 14:35:06,999 - INFO - [320/1464] Updated: Castell Alun High School - Lit: None, Math: None, Sci: None
2025-09-07 14:35:07,316 - INFO - [321/1464] Updated: Maes Garmon - Lit: None, Math: None, Sci: None
2025-09-07 14:35:07,632 - INFO - [322/1464] Updated: Flint High School - Lit: None, Math: None, Sci: None
2025-09-07 14:35:07,950 - INFO - [323/1464] Updated: Connah's Quay High School, - Lit: None, Math: None, Sci: None
2025-09-07 14:35:08,266 - INFO - [324/1464] Updated: Argoed School - Lit: None, Math: None, Sci: None
2025-09-07 14:35:08,587 - INFO - [325/1464] Updated: St. Richard Gwyn Catholic High School - Lit: None, Math: None, Sci: None
2025-09-07 14:35:08,904 - INFO - [326/1464] Updated: Derwen Foundation School - Lit: None, Math: None, Sci: None
2025-09-07 14:35:09,221 - INFO - [327/1464] Updated: Pen Coch - Lit: None, Math: None, Sci: None
2025-09-07 14:35:09,537 - INFO - [328/1464] Updated: Ysgol Maes Hyfryd - Lit: None, Math: None, Sci: None
2025-09-07 14:35:09,854 - INFO - [329/1464] Updated: Ysgol Cae'r Gwenyn - Lit: None, Math: None, Sci: None
2025-09-07 14:35:10,172 - INFO - [330/1464] Updated: The Rofft CP School - Lit: None, Math: None, Sci: None
2025-09-07 14:35:10,491 - INFO - [331/1464] Updated: Froncysyllte - Lit: None, Math: None, Sci: None
2025-09-07 14:35:10,808 - INFO - [332/1464] Updated: Garth CP - Lit: None, Math: None, Sci: None
2025-09-07 14:35:11,133 - INFO - [333/1464] Updated: Ysgol Cynddelw - Lit: None, Math: None, Sci: None
2025-09-07 14:35:11,449 - INFO - [334/1464] Updated: Llanarmon DC School - Lit: None, Math: None, Sci: None
2025-09-07 14:35:11,766 - INFO - [335/1464] Updated: Ysgol Acrefair - Lit: None, Math: None, Sci: None
2025-09-07 14:35:12,083 - INFO - [336/1464] Updated: Cefn Mawr C P School - Lit: None, Math: None, Sci: None
2025-09-07 14:35:12,400 - INFO - [337/1464] Updated: Ysgol Maes-y-Llan - Lit: None, Math: None, Sci: None
2025-09-07 14:35:12,716 - INFO - [338/1464] Updated: Ysgol Min y Ddol - Lit: None, Math: None, Sci: None
2025-09-07 14:35:13,034 - INFO - [339/1464] Updated: Alexandra C P School - Lit: None, Math: None, Sci: None
2025-09-07 14:35:13,351 - INFO - [340/1464] Updated: Brynteg C P School - Lit: None, Math: None, Sci: None
2025-09-07 14:35:13,669 - INFO - [341/1464] Updated: BWLCHGWYN SCHOOL - Lit: None, Math: None, Sci: None
2025-09-07 14:35:13,986 - INFO - [342/1464] Updated: Ysgol Tan-y-Fron - Lit: None, Math: None, Sci: None
2025-09-07 14:35:14,303 - INFO - [343/1464] Updated: Black Lane C P School - Lit: None, Math: None, Sci: None
2025-09-07 14:35:14,620 - INFO - [344/1464] Updated: Rhosddu County Primary - Lit: None, Math: None, Sci: None
2025-09-07 14:35:14,937 - INFO - [345/1464] Updated: Rhostyllen CP School - Lit: None, Math: None, Sci: None
2025-09-07 14:35:15,256 - INFO - [346/1464] Updated: Ysgol Deiniol C P - Lit: None, Math: None, Sci: None
2025-09-07 14:35:15,573 - INFO - [347/1464] Updated: Barker's Lane CP - Lit: None, Math: None, Sci: None
2025-09-07 14:35:15,891 - INFO - [348/1464] Updated: Wat's Dyke County Primary - Lit: None, Math: None, Sci: None
2025-09-07 14:35:16,210 - INFO - [349/1464] Updated: Ysgol Bryn Tabor - Lit: None, Math: None, Sci: None
2025-09-07 14:35:16,527 - INFO - [350/1464] Updated: Ysgol Sant Dunawd - Lit: None, Math: None, Sci: None
2025-09-07 14:35:16,686 - INFO - Committed batch. Progress: 350/1464
2025-09-07 14:35:17,160 - INFO - [351/1464] Updated: Holt C.P. School - Lit: None, Math: None, Sci: None
2025-09-07 14:35:17,477 - INFO - [352/1464] Updated: Ysgol Bodhyfryd - Lit: None, Math: None, Sci: None
2025-09-07 14:35:17,796 - INFO - [353/1464] Updated: Ysgol I.D. Hooson - Lit: None, Math: None, Sci: None
2025-09-07 14:35:18,113 - INFO - [354/1464] Updated: Ysgol Plas Coch - Lit: None, Math: None, Sci: None
2025-09-07 14:35:18,430 - INFO - [355/1464] Updated: Penygelli C P School - Lit: None, Math: None, Sci: None
2025-09-07 14:35:18,746 - INFO - [356/1464] Updated: Ysgol Penrhyn New Broughton CP - Lit: None, Math: None, Sci: None
2025-09-07 14:35:19,062 - INFO - [357/1464] Updated: Ysgol Heulfan - Lit: None, Math: None, Sci: None
2025-09-07 14:35:19,381 - INFO - [358/1464] Updated: Hafod y Wern Community Primary School - Lit: None, Math: None, Sci: None
2025-09-07 14:35:19,698 - INFO - [359/1464] Updated: Gwenfro Community Primary - Lit: None, Math: None, Sci: None
2025-09-07 14:35:20,014 - INFO - [360/1464] Updated: Park Community Primary School Llay - Lit: None, Math: None, Sci: None
2025-09-07 14:35:20,330 - INFO - [361/1464] Updated: Rhosymedre Community Primary - Lit: None, Math: None, Sci: None
2025-09-07 14:35:20,647 - INFO - [362/1464] Updated: Ysgol Maes y Mynydd - Lit: None, Math: None, Sci: None
2025-09-07 14:35:20,963 - INFO - [363/1464] Updated: Gwersyllt Community Primary School - Lit: None, Math: None, Sci: None
2025-09-07 14:35:21,283 - INFO - [364/1464] Updated: Penycae Community Primary School - Lit: None, Math: None, Sci: None
2025-09-07 14:35:21,600 - INFO - [365/1464] Updated: Acton Primary - Lit: None, Math: None, Sci: None
2025-09-07 14:35:21,916 - INFO - [366/1464] Updated: Victoria Community Primary - Lit: None, Math: None, Sci: None
2025-09-07 14:35:22,234 - INFO - [367/1464] Updated: Ysgol Y Waun - Lit: None, Math: None, Sci: None
2025-09-07 14:35:22,550 - INFO - [368/1464] Updated: Ysgol Bro Alun - Lit: None, Math: None, Sci: None
2025-09-07 14:35:22,867 - INFO - [369/1464] Updated: Ysgol Yr Hafod, Johnstown - Lit: None, Math: None, Sci: None
2025-09-07 14:35:23,184 - INFO - [370/1464] Updated: Borras Park Community Primary - Lit: None, Math: None, Sci: None
2025-09-07 14:35:23,501 - INFO - [371/1464] Updated: Ysgol Llan y pwll - Lit: None, Math: None, Sci: None
2025-09-07 14:35:23,818 - INFO - [372/1464] Updated: St Peter's School - Lit: None, Math: None, Sci: None
2025-09-07 14:35:24,136 - INFO - [373/1464] Updated: Pentre CIW Voluntary Controlled - Lit: None, Math: None, Sci: None
2025-09-07 14:35:24,453 - INFO - [374/1464] Updated: Eyton Primary School - Lit: None, Math: None, Sci: None
2025-09-07 14:35:24,769 - INFO - [375/1464] Updated: BORDERBROOK SCHOOL - Lit: None, Math: None, Sci: None
2025-09-07 14:35:25,086 - INFO - [376/1464] Updated: St Giles Controlled Primary School - Lit: None, Math: None, Sci: None
2025-09-07 14:35:25,403 - INFO - [377/1464] Updated: BRONINGTON CHURCH IN WALES V.A - Lit: None, Math: None, Sci: None
2025-09-07 14:35:25,721 - INFO - [378/1464] Updated: Madras VA School - Lit: None, Math: None, Sci: None
2025-09-07 14:35:26,038 - INFO - [379/1464] Updated: St Chad's Church in Wales Aided School - Lit: None, Math: None, Sci: None
2025-09-07 14:35:26,355 - INFO - [380/1464] Updated: St Mary's RC Primary - Lit: None, Math: None, Sci: None
2025-09-07 14:35:26,672 - INFO - [381/1464] Updated: Minera - Lit: None, Math: None, Sci: None
2025-09-07 14:35:26,988 - INFO - [382/1464] Updated: All Saints Voluntary Aided Sch - Lit: None, Math: None, Sci: None
2025-09-07 14:35:27,305 - INFO - [383/1464] Updated: St Mary's Church in Wales - Lit: None, Math: None, Sci: None
2025-09-07 14:35:27,622 - INFO - [384/1464] Updated: Brymbo Aided (St. Mary's) - Lit: None, Math: None, Sci: None
2025-09-07 14:35:27,938 - INFO - [385/1464] Updated: St Anne's Catholic Primary - Lit: None, Math: None, Sci: None
2025-09-07 14:35:28,255 - INFO - [386/1464] Updated: St Mary's Overton - Lit: None, Math: None, Sci: None
2025-09-07 14:35:28,575 - INFO - [387/1464] Updated: St Paul's Voluntary Aided - Lit: None, Math: None, Sci: None
2025-09-07 14:35:28,891 - INFO - [388/1464] Updated: Grango - Lit: None, Math: None, Sci: None
2025-09-07 14:35:29,208 - INFO - [389/1464] Updated: YSGOL MORGAN LLWYD - Lit: None, Math: None, Sci: None
2025-09-07 14:35:29,525 - INFO - [390/1464] Updated: Ysgol Bryn Alyn - Lit: None, Math: None, Sci: None
2025-09-07 14:35:29,842 - INFO - [391/1464] Updated: Darland High School - Lit: None, Math: None, Sci: None
2025-09-07 14:35:30,159 - INFO - [392/1464] Updated: Ysgol Rhiwabon - Lit: None, Math: None, Sci: None
2025-09-07 14:35:30,476 - INFO - [393/1464] Updated: Rhosnesni High School - Lit: None, Math: None, Sci: None
2025-09-07 14:35:30,793 - INFO - [394/1464] Updated: Ysgol Clywedog - Lit: None, Math: None, Sci: None
2025-09-07 14:35:31,110 - INFO - [395/1464] Updated: St Joseph's Catholic and Anglican High - Lit: None, Math: None, Sci: None
2025-09-07 14:35:31,428 - INFO - [396/1464] Updated: THE MAELOR SCHOOL - Lit: None, Math: None, Sci: None
2025-09-07 14:35:31,749 - INFO - [397/1464] Updated: St Christophers School - Lit: None, Math: None, Sci: None
2025-09-07 14:35:32,066 - INFO - [398/1464] Updated: ABERMULE PRIMARY SCHOOL - Lit: None, Math: None, Sci: None
2025-09-07 14:35:32,383 - INFO - [399/1464] Updated: ARDDLEEN C.P. SCHOOL - Lit: None, Math: None, Sci: None
2025-09-07 14:35:32,700 - INFO - [400/1464] Updated: BERRIEW C.P. SCHOOL - Lit: None, Math: None, Sci: None
2025-09-07 14:35:32,861 - INFO - Committed batch. Progress: 400/1464
2025-09-07 14:35:33,343 - INFO - [401/1464] Updated: CAERSWS C.P. SCHOOL - Lit: None, Math: None, Sci: None
2025-09-07 14:35:33,660 - INFO - [402/1464] Updated: CARNO C.P. SCHOOL - Lit: None, Math: None, Sci: None
2025-09-07 14:35:33,977 - INFO - [403/1464] Updated: CARREGHOFA C.P. SCHOOL - Lit: None, Math: None, Sci: None
2025-09-07 14:35:34,294 - INFO - [404/1464] Updated: LEIGHTON C.P. SCHOOL - Lit: None, Math: None, Sci: None
2025-09-07 14:35:34,611 - INFO - [405/1464] Updated: YSGOL LLANBRYNMAIR - Lit: None, Math: None, Sci: None
2025-09-07 14:35:34,927 - INFO - [406/1464] Updated: LLANDINAM C.P. SCHOOL - Lit: None, Math: None, Sci: None
2025-09-07 14:35:35,244 - INFO - [407/1464] Updated: MEIFOD C.P. SCHOOL - Lit: None, Math: None, Sci: None
2025-09-07 14:35:35,560 - INFO - [408/1464] Updated: PENYGLODDFA C.P. SCHOOL - Lit: None, Math: None, Sci: None
2025-09-07 14:35:35,876 - INFO - [409/1464] Updated: PONTROBERT C.P. SCHOOL - Lit: None, Math: None, Sci: None
2025-09-07 14:35:36,193 - INFO - [410/1464] Updated: YSGOL DYFFRYN TRANNON - Lit: None, Math: None, Sci: None
2025-09-07 14:35:36,510 - INFO - [411/1464] Updated: GUILSFIELD C.P. SCHOOL - Lit: None, Math: None, Sci: None
2025-09-07 14:35:36,826 - INFO - [412/1464] Updated: LLANIDLOES C.P. SCHOOL - Lit: None, Math: None, Sci: None
2025-09-07 14:35:37,146 - INFO - [413/1464] Updated: BUTTINGTON TREWERN C.P. SCHOOL - Lit: None, Math: None, Sci: None
2025-09-07 14:35:37,462 - INFO - [414/1464] Updated: BRYNHAFREN C.P. SCHOOL - Lit: None, Math: None, Sci: None
2025-09-07 14:35:37,779 - INFO - [415/1464] Updated: CHURCHSTOKE C.P. SCHOOL - Lit: None, Math: None, Sci: None
2025-09-07 14:35:38,096 - INFO - [416/1464] Updated: YSGOL GYNRADD GLANTWYMYN - Lit: None, Math: None, Sci: None
2025-09-07 14:35:38,413 - INFO - [417/1464] Updated: YSGOL PENNANT - Lit: None, Math: None, Sci: None
2025-09-07 14:35:38,730 - INFO - [418/1464] Updated: MAESYRHANDIR C.P. SCHOOL - Lit: None, Math: None, Sci: None
2025-09-07 14:35:39,047 - INFO - [419/1464] Updated: TREOWEN C.P. SCHOOL - Lit: None, Math: None, Sci: None
2025-09-07 14:35:39,363 - INFO - [420/1464] Updated: FRANKSBRIDGE C.P. SCHOOL - Lit: None, Math: None, Sci: None
2025-09-07 14:35:39,682 - INFO - [421/1464] Updated: LLANBISTER C.P. SCHOOL - Lit: None, Math: None, Sci: None
2025-09-07 14:35:39,998 - INFO - [422/1464] Updated: YSGOL CEFNLLYS - Lit: None, Math: None, Sci: None
2025-09-07 14:35:40,319 - INFO - [423/1464] Updated: PRESTEIGNE C.P. SCHOOL - Lit: None, Math: None, Sci: None
2025-09-07 14:35:40,635 - INFO - [424/1464] Updated: RADNOR VALLEY C.P. SCHOOL - Lit: None, Math: None, Sci: None
2025-09-07 14:35:40,952 - INFO - [425/1464] Updated: CROSSGATES C.P. SCHOOL - Lit: None, Math: None, Sci: None
2025-09-07 14:35:41,269 - INFO - [426/1464] Updated: YSGOL DOLAFON - Lit: None, Math: None, Sci: None
2025-09-07 14:35:41,587 - INFO - [427/1464] Updated: BUILTH WELLS C.P. SCHOOL - Lit: None, Math: None, Sci: None
2025-09-07 14:35:41,903 - INFO - [428/1464] Updated: SENNYBRIDGE C.P. SCHOOL - Lit: None, Math: None, Sci: None
2025-09-07 14:35:42,221 - INFO - [429/1464] Updated: CRICKHOWELL C.P. SCHOOL - Lit: None, Math: None, Sci: None
2025-09-07 14:35:42,538 - INFO - [430/1464] Updated: HAY-ON-WYE C.P. SCHOOL - Lit: None, Math: None, Sci: None
2025-09-07 14:35:42,854 - INFO - [431/1464] Updated: LLANGYNIDR C.P. SCHOOL - Lit: None, Math: None, Sci: None
2025-09-07 14:35:43,171 - INFO - [432/1464] Updated: LLANFAES C.P. SCHOOL - Lit: None, Math: None, Sci: None
2025-09-07 14:35:43,488 - INFO - [433/1464] Updated: YSGOL Y BANNAU - Lit: None, Math: None, Sci: None
2025-09-07 14:35:43,805 - INFO - [434/1464] Updated: YSGOL RHIW BECHAN - Lit: None, Math: None, Sci: None
2025-09-07 14:35:44,121 - INFO - [435/1464] Updated: LLANRHAEADR YM MOCHNANT C.P. SCHOOL - Lit: None, Math: None, Sci: None
2025-09-07 14:35:44,438 - INFO - [436/1464] Updated: YSGOL BRO CYNLLAITH - Lit: None, Math: None, Sci: None
2025-09-07 14:35:44,755 - INFO - [437/1464] Updated: YSGOL DAFYDD LLWYD - Lit: None, Math: None, Sci: None
2025-09-07 14:35:45,071 - INFO - [438/1464] Updated: YSGOL Y CRIBARTH - Lit: None, Math: None, Sci: None
2025-09-07 14:35:45,388 - INFO - [439/1464] Updated: YSGOL GOLWG Y CWM - Lit: None, Math: None, Sci: None
2025-09-07 14:35:45,706 - INFO - [440/1464] Updated: YSGOL BRO TAWE - Lit: None, Math: None, Sci: None
2025-09-07 14:35:46,022 - INFO - [441/1464] Updated: YSGOL GYMRAEG DYFFRYN Y GLOWYR - Lit: None, Math: None, Sci: None
2025-09-07 14:35:46,339 - INFO - [442/1464] Updated: YSGOL Y MYNYDD DU - Lit: None, Math: None, Sci: None
2025-09-07 14:35:46,656 - INFO - [443/1464] Updated: YSGOL GYMRAEG Y TRALLWNG - Lit: None, Math: None, Sci: None
2025-09-07 14:35:46,974 - INFO - [444/1464] Updated: YSGOL CALON Y DDERWEN - Lit: None, Math: None, Sci: None
2025-09-07 14:35:47,290 - INFO - [445/1464] Updated: Ysgol Golwg Pen y Fan - Lit: None, Math: None, Sci: None
2025-09-07 14:35:47,608 - INFO - [446/1464] Updated: LLANFECHAIN C.I.W. SCHOOL - Lit: None, Math: None, Sci: None
2025-09-07 14:35:47,925 - INFO - [447/1464] Updated: MONTGOMERY C.I.W. SCHOOL - Lit: None, Math: None, Sci: None
2025-09-07 14:35:48,241 - INFO - [448/1464] Updated: FORDEN C.I.W. SCHOOL - Lit: None, Math: None, Sci: None
2025-09-07 14:35:48,558 - INFO - [449/1464] Updated: LLANDYSILIO C.I.W. SCHOOL - Lit: None, Math: None, Sci: None
2025-09-07 14:35:48,874 - INFO - [450/1464] Updated: GLADESTRY C.I.W. SCHOOL - Lit: None, Math: None, Sci: None
2025-09-07 14:35:49,034 - INFO - Committed batch. Progress: 450/1464
2025-09-07 14:35:49,508 - INFO - [451/1464] Updated: YSGOL TREFONNEN CHURCH IN WALES COMMUNITY PRIMARY - Lit: None, Math: None, Sci: None
2025-09-07 14:35:49,825 - INFO - [452/1464] Updated: NEWBRIDGE-ON-WYE CHURCH IN WALES SCHOOL - Lit: None, Math: None, Sci: None
2025-09-07 14:35:50,141 - INFO - [453/1464] Updated: CLYRO C.I.W. SCHOOL - Lit: None, Math: None, Sci: None
2025-09-07 14:35:50,458 - INFO - [454/1464] Updated: KNIGHTON CHURCH IN WALES PRIMARY SCHOOL - Lit: None, Math: None, Sci: None
2025-09-07 14:35:50,774 - INFO - [455/1464] Updated: RHAYADER C.I.W. SCHOOL - Lit: None, Math: None, Sci: None
2025-09-07 14:35:51,090 - INFO - [456/1464] Updated: LLANELWEDD CHURCH IN WALES PRIMARY SCHOOL - Lit: None, Math: None, Sci: None
2025-09-07 14:35:51,406 - INFO - [457/1464] Updated: LLANGORS C.I.W. SCHOOL - Lit: None, Math: None, Sci: None
2025-09-07 14:35:51,722 - INFO - [458/1464] Updated: WELSHPOOL CHURCH IN WALES PRIMARY SCHOOL - Lit: None, Math: None, Sci: None
2025-09-07 14:35:52,042 - INFO - [459/1464] Updated: ST. MICHAEL'S C.I.W. SCHOOL - Lit: None, Math: None, Sci: None
2025-09-07 14:35:52,359 - INFO - [460/1464] Updated: LLANSANTFFRAID C.I.W.A. - Lit: None, Math: None, Sci: None
2025-09-07 14:35:52,680 - INFO - [461/1464] Updated: ARCHDEACON GRIFFITHS C.I.W. PRIMARY SCHOOL - Lit: None, Math: None, Sci: None
2025-09-07 14:35:52,996 - INFO - [462/1464] Updated: PRIORY CHURCH IN WALES SCHOOL - Lit: None, Math: None, Sci: None
2025-09-07 14:35:53,313 - INFO - [463/1464] Updated: ST MARY`S R.C. (A) SCHOOL - Lit: None, Math: None, Sci: None
2025-09-07 14:35:53,629 - INFO - [464/1464] Updated: LLANGATTOCK C.I.W. SCHOOL - Lit: None, Math: None, Sci: None
2025-09-07 14:35:53,945 - INFO - [465/1464] Updated: YSGOL CWM BANWY - Lit: None, Math: None, Sci: None
2025-09-07 14:35:54,262 - INFO - [466/1464] Updated: LLANIDLOES HIGH SCHOOL - Lit: None, Math: None, Sci: None
2025-09-07 14:35:54,579 - INFO - [467/1464] Updated: Newtown High School - Lit: None, Math: None, Sci: None
2025-09-07 14:35:54,895 - INFO - [468/1464] Updated: WELSHPOOL HIGH SCHOOL - Lit: None, Math: None, Sci: None
2025-09-07 14:35:55,211 - INFO - [469/1464] Updated: Ysgol Maesydderwen - Lit: None, Math: None, Sci: None
2025-09-07 14:35:55,528 - INFO - [470/1464] Updated: BRECON HIGH SCHOOL - Lit: None, Math: None, Sci: None
2025-09-07 14:35:55,845 - INFO - [471/1464] Updated: Gwernyfed High School - Lit: None, Math: None, Sci: None
2025-09-07 14:35:56,162 - INFO - [472/1464] Updated: Crickhowell High School - Lit: None, Math: None, Sci: None
2025-09-07 14:35:56,479 - INFO - [473/1464] Updated: Ysgol Calon Cymru - Lit: None, Math: None, Sci: None
2025-09-07 14:35:56,796 - INFO - [474/1464] Updated: Ysgol Bro Hyddgen - Lit: None, Math: None, Sci: None
2025-09-07 14:35:57,112 - INFO - [475/1464] Updated: Ysgol Llanfyllin - Lit: None, Math: None, Sci: None
2025-09-07 14:35:57,429 - INFO - [476/1464] Updated: Ysgol Bro Caereinion - Lit: None, Math: None, Sci: None
2025-09-07 14:35:57,745 - INFO - [477/1464] Updated: BRYNLLYWARCH HALL SCHOOL - Lit: None, Math: None, Sci: None
2025-09-07 14:35:58,063 - INFO - [478/1464] Updated: YSGOL CEDEWAIN - Lit: None, Math: None, Sci: None
2025-09-07 14:35:58,379 - INFO - [479/1464] Updated: YSGOL PENMAES - Lit: None, Math: None, Sci: None
2025-09-07 14:35:58,696 - INFO - [480/1464] Updated: YSGOL GYMUNEDOL GYNRADD ABERAERON - Lit: None, Math: None, Sci: None
2025-09-07 14:35:59,012 - INFO - [481/1464] Updated: YSGOL GYMUNEDOL LLANARTH - Lit: None, Math: None, Sci: None
2025-09-07 14:35:59,332 - INFO - [482/1464] Updated: YSGOL GYMUNEDOL LLANNON - Lit: None, Math: None, Sci: None
2025-09-07 14:35:59,648 - INFO - [483/1464] Updated: YSGOL GYMUNEDOL CEI NEWYDD - Lit: None, Math: None, Sci: None
2025-09-07 14:35:59,965 - INFO - [484/1464] Updated: YSGOL GYMUNEDOL TALGARREG - Lit: None, Math: None, Sci: None
2025-09-07 14:36:00,281 - INFO - [485/1464] Updated: YSGOL GYMRAEG ABERYSTWYTH - Lit: None, Math: None, Sci: None
2025-09-07 14:36:00,598 - INFO - [486/1464] Updated: YSGOL GYMUNEDOL COMINS COCH - Lit: None, Math: None, Sci: None
2025-09-07 14:36:00,915 - INFO - [487/1464] Updated: YSGOL GYMUNEDOL LLANFARIAN - Lit: None, Math: None, Sci: None
2025-09-07 14:36:01,232 - INFO - [488/1464] Updated: YSGOL GYMUNEDOL LLANFIHANGEL-Y-CREUDDYN - Lit: None, Math: None, Sci: None
2025-09-07 14:36:01,549 - INFO - [489/1464] Updated: YSGOL GYMUNEDOL LLANGWYRYFON - Lit: None, Math: None, Sci: None
2025-09-07 14:36:01,866 - INFO - [490/1464] Updated: YSGOL LLANILAR - Lit: None, Math: None, Sci: None
2025-09-07 14:36:02,186 - INFO - [491/1464] Updated: YSGOL GYMUNEDOL MYNACH - Lit: None, Math: None, Sci: None
2025-09-07 14:36:02,503 - INFO - [492/1464] Updated: YSGOL PENLLWYN - Lit: None, Math: None, Sci: None
2025-09-07 14:36:02,820 - INFO - [493/1464] Updated: YSGOL GYMUNEDOL LLWYN YR EOS - Lit: None, Math: None, Sci: None
2025-09-07 14:36:03,137 - INFO - [494/1464] Updated: YSGOL GYMUNEDOL SYR JOHN RHYS - Lit: None, Math: None, Sci: None
2025-09-07 14:36:03,454 - INFO - [495/1464] Updated: YSGOL GYMUNEDOL RHYDYPENNAU - Lit: None, Math: None, Sci: None
2025-09-07 14:36:03,770 - INFO - [496/1464] Updated: YSGOL GYMUNEDOL TALYBONT - Lit: None, Math: None, Sci: None
2025-09-07 14:36:04,089 - INFO - [497/1464] Updated: YSGOL GYMUNEDOL ABERPORTH - Lit: None, Math: None, Sci: None
2025-09-07 14:36:04,405 - INFO - [498/1464] Updated: YSGOL GYMUNEDOL LLECHRYD - Lit: None, Math: None, Sci: None
2025-09-07 14:36:04,722 - INFO - [499/1464] Updated: YSGOL GYMUNEDOL PENPARC - Lit: None, Math: None, Sci: None
2025-09-07 14:36:05,048 - INFO - [500/1464] Updated: YSGOL GYMUNEDOL PONTRHYDFENDIGAID - Lit: None, Math: None, Sci: None
2025-09-07 14:36:05,207 - INFO - Committed batch. Progress: 500/1464
2025-09-07 14:36:05,681 - INFO - [501/1464] Updated: YSGOL GYMUNEDOL PLASCRUG - Lit: None, Math: None, Sci: None
2025-09-07 14:36:05,997 - INFO - [502/1464] Updated: YSGOL CRAIG YR WYLFA - Lit: None, Math: None, Sci: None
2025-09-07 14:36:06,314 - INFO - [503/1464] Updated: YSGOL PENRHYNCOCH - Lit: None, Math: None, Sci: None
2025-09-07 14:36:06,630 - INFO - [504/1464] Updated: YSGOL GYMUNEDOL Y DDERI - Lit: None, Math: None, Sci: None
2025-09-07 14:36:06,946 - INFO - [505/1464] Updated: YSGOL GYMUNEDOL CENARTH - Lit: None, Math: None, Sci: None
2025-09-07 14:36:07,262 - INFO - [506/1464] Updated: YSGOL GYNRADD ABERTEIFI - Lit: None, Math: None, Sci: None
2025-09-07 14:36:07,579 - INFO - [507/1464] Updated: YSGOL BRO SION CWILT - Lit: None, Math: None, Sci: None
2025-09-07 14:36:07,895 - INFO - [508/1464] Updated: YSGOL GYNRADD T LLEW JONES - Lit: None, Math: None, Sci: None
2025-09-07 14:36:08,212 - INFO - [509/1464] Updated: YSGOL RHOS HELYG - Lit: None, Math: None, Sci: None
2025-09-07 14:36:08,528 - INFO - [510/1464] Updated: Ysgol Dyffryn Aeron - Lit: None, Math: None, Sci: None
2025-09-07 14:36:08,845 - INFO - [511/1464] Updated: YSGOL WIRFODDOL MYFENYDD - Lit: None, Math: None, Sci: None
2025-09-07 14:36:09,161 - INFO - [512/1464] Updated: YSGOL GYNRADD DYFFRYN CLEDLYN - Lit: None, Math: None, Sci: None
2025-09-07 14:36:09,478 - INFO - [513/1464] Updated: ST PADARN'S ROMAN CATHOLIC PRIMARY SCHOOL - Lit: None, Math: None, Sci: None
2025-09-07 14:36:09,794 - INFO - [514/1464] Updated: GYFUN ABERAERON COMPREHENSIVE - Lit: None, Math: None, Sci: None
2025-09-07 14:36:10,111 - INFO - [515/1464] Updated: Ysgol Uwchradd Aberteifi - Lit: None, Math: None, Sci: None
2025-09-07 14:36:10,428 - INFO - [516/1464] Updated: Penglais School - Lit: None, Math: None, Sci: None
2025-09-07 14:36:10,747 - INFO - [517/1464] Updated: YSGOL GYFUN PENWEDDIG - Lit: None, Math: None, Sci: None
2025-09-07 14:36:11,064 - INFO - [518/1464] Updated: Ysgol Bro Pedr - Lit: None, Math: None, Sci: None
2025-09-07 14:36:11,381 - INFO - [519/1464] Updated: Ysgol Henry Richard - Lit: None, Math: None, Sci: None
2025-09-07 14:36:11,697 - INFO - [520/1464] Updated: Ysgol Bro Teifi - Lit: None, Math: None, Sci: None
2025-09-07 14:36:12,057 - INFO - [521/1464] Updated: Sageston Community Primary School - Lit: None, Math: None, Sci: None
2025-09-07 14:36:12,381 - INFO - [522/1464] Updated: Ysgol Gynradd Gymunedol Eglwyswrw - Lit: None, Math: None, Sci: None
2025-09-07 14:36:12,698 - INFO - [523/1464] Updated: Ysgol Gymunedol Wdig / Goodwick Community School - Lit: None, Math: None, Sci: None
2025-09-07 14:36:13,014 - INFO - [524/1464] Updated: Fenton Community Primary School - Lit: None, Math: None, Sci: None
2025-09-07 14:36:13,331 - INFO - [525/1464] Updated: Johnston Community Primary School - Lit: None, Math: None, Sci: None
2025-09-07 14:36:13,648 - INFO - [526/1464] Updated: Lamphey CP School - Lit: None, Math: None, Sci: None
2025-09-07 14:36:13,966 - INFO - [527/1464] Updated: Ysgol Gymunedol Brynconin - Lit: None, Math: None, Sci: None
2025-09-07 14:36:14,283 - INFO - [528/1464] Updated: Hook CP School - Lit: None, Math: None, Sci: None
2025-09-07 14:36:14,609 - INFO - [529/1464] Updated: Ysgol Llanychllwydog - Lit: None, Math: None, Sci: None
2025-09-07 14:36:14,926 - INFO - [530/1464] Updated: Ysgol Gymunedol Maenclochog - Lit: None, Math: None, Sci: None
2025-09-07 14:36:15,245 - INFO - [531/1464] Updated: Narberth Community Primary School - Lit: None, Math: None, Sci: None
2025-09-07 14:36:15,562 - INFO - [532/1464] Updated: Ysgol Bro Ingli - Lit: None, Math: None, Sci: None
2025-09-07 14:36:15,879 - INFO - [533/1464] Updated: Puncheston Community Primary School - Lit: None, Math: None, Sci: None
2025-09-07 14:36:16,195 - INFO - [534/1464] Updated: Ysgol Llandudoch - Lit: None, Math: None, Sci: None
2025-09-07 14:36:16,512 - INFO - [535/1464] Updated: Wolfscastle Communty Primary School - Lit: None, Math: None, Sci: None
2025-09-07 14:36:16,829 - INFO - [536/1464] Updated: Saundersfoot Community Primary School - Lit: None, Math: None, Sci: None
2025-09-07 14:36:17,146 - INFO - [537/1464] Updated: Stepaside Community Primary School - Lit: None, Math: None, Sci: None
2025-09-07 14:36:17,462 - INFO - [538/1464] Updated: Templeton Community Primary School - Lit: None, Math: None, Sci: None
2025-09-07 14:36:17,779 - INFO - [539/1464] Updated: Tavernspite Community Primary School - Lit: None, Math: None, Sci: None
2025-09-07 14:36:18,096 - INFO - [540/1464] Updated: Ysgol Gymunedol Croesgoch - Lit: None, Math: None, Sci: None
2025-09-07 14:36:18,412 - INFO - [541/1464] Updated: Broad Haven CP School - Lit: None, Math: None, Sci: None
2025-09-07 14:36:18,729 - INFO - [542/1464] Updated: Roch Community School - Lit: None, Math: None, Sci: None
2025-09-07 14:36:19,048 - INFO - [543/1464] Updated: Coastlands CP School - Lit: None, Math: None, Sci: None
2025-09-07 14:36:19,365 - INFO - [544/1464] Updated: Ysgol Clydau - Lit: None, Math: None, Sci: None
2025-09-07 14:36:19,682 - INFO - [545/1464] Updated: Pembroke Dock Community School - Lit: None, Math: None, Sci: None
2025-09-07 14:36:19,998 - INFO - [546/1464] Updated: Monkton Priory Community Primary  School - Lit: None, Math: None, Sci: None
2025-09-07 14:36:20,339 - INFO - [547/1464] Updated: Golden Grove CP School - Lit: None, Math: None, Sci: None
2025-09-07 14:36:20,655 - INFO - [548/1464] Updated: Ysgol Glannau Gwaun - Lit: None, Math: None, Sci: None
2025-09-07 14:36:20,973 - INFO - [549/1464] Updated: Prendergast Community Primary School - Lit: None, Math: None, Sci: None
2025-09-07 14:36:21,290 - INFO - [550/1464] Updated: Pennar CP - Lit: None, Math: None, Sci: None
2025-09-07 14:36:21,449 - INFO - Committed batch. Progress: 550/1464
2025-09-07 14:36:21,922 - INFO - [551/1464] Updated: Neyland Community School - Lit: None, Math: None, Sci: None
2025-09-07 14:36:22,239 - INFO - [552/1464] Updated: Ysgol Hafan Y Mor - Lit: None, Math: None, Sci: None
2025-09-07 14:36:22,555 - INFO - [553/1464] Updated: Milford Haven Community Primary School - Lit: None, Math: None, Sci: None
2025-09-07 14:36:22,879 - INFO - [554/1464] Updated: Waldo Williams Primary School - Lit: None, Math: None, Sci: None
2025-09-07 14:36:23,195 - INFO - [555/1464] Updated: Ysgol Bro Penfro - Lit: None, Math: None, Sci: None
2025-09-07 14:36:23,512 - INFO - [556/1464] Updated: Cilgerran Church in Wales VC School - Lit: None, Math: None, Sci: None
2025-09-07 14:36:23,828 - INFO - [557/1464] Updated: Cosheston VC School - Lit: None, Math: None, Sci: None
2025-09-07 14:36:24,144 - INFO - [558/1464] Updated: Cleddau Reach VC School - Lit: None, Math: None, Sci: None
2025-09-07 14:36:24,461 - INFO - [559/1464] Updated: Manorbier Church in Wales VC School - Lit: None, Math: None, Sci: None
2025-09-07 14:36:24,778 - INFO - [560/1464] Updated: Spittal Church in Wales VC School - Lit: None, Math: None, Sci: None
2025-09-07 14:36:25,095 - INFO - [561/1464] Updated: St Florence Church in Wales VC School - Lit: None, Math: None, Sci: None
2025-09-07 14:36:25,413 - INFO - [562/1464] Updated: Ysgol Ger y Llan - Lit: None, Math: None, Sci: None
2025-09-07 14:36:25,762 - INFO - [563/1464] Updated: Tenby VC - Lit: None, Math: None, Sci: None
2025-09-07 14:36:26,079 - INFO - [564/1464] Updated: Penrhyn Church in Wales VC School - Lit: None, Math: None, Sci: None
2025-09-07 14:36:26,395 - INFO - [565/1464] Updated: Gelliswick VC School - Lit: None, Math: None, Sci: None
2025-09-07 14:36:26,712 - INFO - [566/1464] Updated: Holy Name RC School - Lit: None, Math: None, Sci: None
2025-09-07 14:36:27,029 - INFO - [567/1464] Updated: Mary Immaculate Catholic School - Lit: None, Math: None, Sci: None
2025-09-07 14:36:27,345 - INFO - [568/1464] Updated: St Francis Catholic School - Lit: None, Math: None, Sci: None
2025-09-07 14:36:27,662 - INFO - [569/1464] Updated: St Aidans Church in Wales VA School - Lit: None, Math: None, Sci: None
2025-09-07 14:36:27,979 - INFO - [570/1464] Updated: St Teilos RC School - Lit: None, Math: None, Sci: None
2025-09-07 14:36:28,296 - INFO - [571/1464] Updated: St Marks Church in Wales VA School - Lit: None, Math: None, Sci: None
2025-09-07 14:36:28,614 - INFO - [572/1464] Updated: St Oswalds Church in Wales VA School - Lit: None, Math: None, Sci: None
2025-09-07 14:36:28,931 - INFO - [573/1464] Updated: Ysgol Bro Gwaun - Lit: None, Math: None, Sci: None
2025-09-07 14:36:29,248 - INFO - [574/1464] Updated: Ysgol Greenhill School - Lit: None, Math: None, Sci: None
2025-09-07 14:36:29,564 - INFO - [575/1464] Updated: Ysgol Harri Tudur / Henry Tudor School - Lit: None, Math: None, Sci: None
2025-09-07 14:36:29,881 - INFO - [576/1464] Updated: Milford Haven School - Lit: None, Math: None, Sci: None
2025-09-07 14:36:30,198 - INFO - [577/1464] Updated: Haverfordwest High VC School - Lit: None, Math: None, Sci: None
2025-09-07 14:36:30,515 - INFO - [578/1464] Updated: Ysgol Caer Elen - Lit: None, Math: None, Sci: None
2025-09-07 14:36:30,831 - INFO - [579/1464] Updated: Ysgol Bro Preseli - Lit: None, Math: None, Sci: None
2025-09-07 14:36:31,167 - INFO - [580/1464] Updated: Ysgol Penrhyn Dewi - Lit: None, Math: None, Sci: None
2025-09-07 14:36:31,487 - INFO - [581/1464] Updated: Portfield Special School - Lit: None, Math: None, Sci: None
2025-09-07 14:36:31,804 - INFO - [582/1464] Updated: AMMANFORD NURSERY - Lit: None, Math: None, Sci: None
2025-09-07 14:36:32,121 - INFO - [583/1464] Updated: Ysgol Gynradd Gymraeg Cefneithin - Lit: None, Math: None, Sci: None
2025-09-07 14:36:32,437 - INFO - [584/1464] Updated: DREFACH - Lit: None, Math: None, Sci: None
2025-09-07 14:36:32,754 - INFO - [585/1464] Updated: LLECHYFEDACH - Lit: None, Math: None, Sci: None
2025-09-07 14:36:33,072 - INFO - [586/1464] Updated: Y TYMBL - Lit: None, Math: None, Sci: None
2025-09-07 14:36:33,394 - INFO - [587/1464] Updated: Ysgol Gynradd Gymraeg Gorslas - Lit: None, Math: None, Sci: None
2025-09-07 14:36:33,711 - INFO - [588/1464] Updated: CROSS HANDS - Lit: None, Math: None, Sci: None
2025-09-07 14:36:34,046 - INFO - [589/1464] Updated: LLANGAIN - Lit: None, Math: None, Sci: None
2025-09-07 14:36:34,363 - INFO - [590/1464] Updated: PENIEL - Lit: None, Math: None, Sci: None
2025-09-07 14:36:34,680 - INFO - [591/1464] Updated: BANCFFOSFELEN - Lit: None, Math: None, Sci: None
2025-09-07 14:36:35,001 - INFO - [592/1464] Updated: GWYNFRYN - Lit: None, Math: None, Sci: None
2025-09-07 14:36:35,322 - INFO - [593/1464] Updated: CARWAY - Lit: None, Math: None, Sci: None
2025-09-07 14:36:35,639 - INFO - [594/1464] Updated: PONTIETS - Lit: None, Math: None, Sci: None
2025-09-07 14:36:35,959 - INFO - [595/1464] Updated: PONTHENRI - Lit: None, Math: None, Sci: None
2025-09-07 14:36:36,276 - INFO - [596/1464] Updated: BANCYFELIN - Lit: None, Math: None, Sci: None
2025-09-07 14:36:36,596 - INFO - [597/1464] Updated: MEIDRIM - Lit: None, Math: None, Sci: None
2025-09-07 14:36:36,913 - INFO - [598/1464] Updated: SARON - Lit: None, Math: None, Sci: None
2025-09-07 14:36:37,232 - INFO - [599/1464] Updated: BETWS - Lit: None, Math: None, Sci: None
2025-09-07 14:36:37,549 - INFO - [600/1464] Updated: TY-CROES - Lit: None, Math: None, Sci: None
2025-09-07 14:36:37,707 - INFO - Committed batch. Progress: 600/1464
2025-09-07 14:36:38,181 - INFO - [601/1464] Updated: PARCYRHUN - Lit: None, Math: None, Sci: None
2025-09-07 14:36:38,498 - INFO - [602/1464] Updated: BLAENAU - Lit: None, Math: None, Sci: None
2025-09-07 14:36:38,815 - INFO - [603/1464] Updated: LLANEDI - Lit: None, Math: None, Sci: None
2025-09-07 14:36:39,140 - INFO - [604/1464] Updated: FFAIRFACH - Lit: None, Math: None, Sci: None
2025-09-07 14:36:39,458 - INFO - [605/1464] Updated: TALLEY - Lit: None, Math: None, Sci: None
2025-09-07 14:36:39,774 - INFO - [606/1464] Updated: CWRT HENRI - Lit: None, Math: None, Sci: None
2025-09-07 14:36:40,091 - INFO - [607/1464] Updated: LLANGADOG - Lit: None, Math: None, Sci: None
2025-09-07 14:36:40,408 - INFO - [608/1464] Updated: RHYS PRICHARD - Lit: None, Math: None, Sci: None
2025-09-07 14:36:40,725 - INFO - [609/1464] Updated: LLYS HYWEL - Lit: None, Math: None, Sci: None
2025-09-07 14:36:41,042 - INFO - [610/1464] Updated: BRYNSARON - Lit: None, Math: None, Sci: None
2025-09-07 14:36:41,358 - INFO - [611/1464] Updated: LLANPUMSAINT - Lit: None, Math: None, Sci: None
2025-09-07 14:36:41,675 - INFO - [612/1464] Updated: MYNYDDYGARREG - Lit: None, Math: None, Sci: None
2025-09-07 14:36:42,013 - INFO - [613/1464] Updated: JOHNSTOWN - Lit: None, Math: None, Sci: None
2025-09-07 14:36:42,330 - INFO - [614/1464] Updated: Y DDERWEN - Lit: None, Math: None, Sci: None
2025-09-07 14:36:42,648 - INFO - [615/1464] Updated: LLANMILOE - Lit: None, Math: None, Sci: None
2025-09-07 14:36:42,965 - INFO - [616/1464] Updated: BRYN - Lit: None, Math: None, Sci: None
2025-09-07 14:36:43,282 - INFO - [617/1464] Updated: BYNEA - Lit: None, Math: None, Sci: None
2025-09-07 14:36:43,598 - INFO - [618/1464] Updated: DAFEN - Lit: None, Math: None, Sci: None
2025-09-07 14:36:43,915 - INFO - [619/1464] Updated: PUM HEOL - Lit: None, Math: None, Sci: None
2025-09-07 14:36:44,231 - INFO - [620/1464] Updated: HENDY - Lit: None, Math: None, Sci: None
2025-09-07 14:36:44,548 - INFO - [621/1464] Updated: FFWRNES - Lit: None, Math: None, Sci: None
2025-09-07 14:36:44,876 - INFO - [622/1464] Updated: OLD ROAD - Lit: None, Math: None, Sci: None
2025-09-07 14:36:45,208 - INFO - [623/1464] Updated: LLANSTEFFAN - Lit: None, Math: None, Sci: None
2025-09-07 14:36:45,525 - INFO - [624/1464] Updated: LLANNON - Lit: None, Math: None, Sci: None
2025-09-07 14:36:45,843 - INFO - [625/1464] Updated: BRYNSIERFEL - Lit: None, Math: None, Sci: None
2025-09-07 14:36:46,159 - INFO - [626/1464] Updated: BRYNAMAN - Lit: None, Math: None, Sci: None
2025-09-07 14:36:46,476 - INFO - [627/1464] Updated: MYRDDIN - Lit: None, Math: None, Sci: None
2025-09-07 14:36:46,793 - INFO - [628/1464] Updated: LLANGUNNOR - Lit: None, Math: None, Sci: None
2025-09-07 14:36:47,118 - INFO - [629/1464] Updated: TRIMSARAN - Lit: None, Math: None, Sci: None
2025-09-07 14:36:47,434 - INFO - [630/1464] Updated: SWISS VALLEY - Lit: None, Math: None, Sci: None
2025-09-07 14:36:47,750 - INFO - [631/1464] Updated: PARC Y TYWYN - Lit: None, Math: None, Sci: None
2025-09-07 14:36:48,067 - INFO - [632/1464] Updated: PEMBREY - Lit: None, Math: None, Sci: None
2025-09-07 14:36:48,384 - INFO - [633/1464] Updated: RHYDAMAN - Lit: None, Math: None, Sci: None
2025-09-07 14:36:48,701 - INFO - [634/1464] Updated: BECA - Lit: None, Math: None, Sci: None
2025-09-07 14:36:49,017 - INFO - [635/1464] Updated: LLANDYBIE - Lit: None, Math: None, Sci: None
2025-09-07 14:36:49,335 - INFO - [636/1464] Updated: HAFODWENOG - Lit: None, Math: None, Sci: None
2025-09-07 14:36:49,664 - INFO - [637/1464] Updated: TEILO SANT - Lit: None, Math: None, Sci: None
2025-09-07 14:36:49,980 - INFO - [638/1464] Updated: LLANYBYDDER - Lit: None, Math: None, Sci: None
2025-09-07 14:36:50,297 - INFO - [639/1464] Updated: LLANDEILO - Lit: None, Math: None, Sci: None
2025-09-07 14:36:50,613 - INFO - [640/1464] Updated: CYNWYL ELFED - Lit: None, Math: None, Sci: None
2025-09-07 14:36:50,929 - INFO - [641/1464] Updated: HALFWAY - Lit: None, Math: None, Sci: None
2025-09-07 14:36:51,246 - INFO - [642/1464] Updated: PWLL - Lit: None, Math: None, Sci: None
2025-09-07 14:36:51,562 - INFO - [643/1464] Updated: PENYGAER - Lit: None, Math: None, Sci: None
2025-09-07 14:36:51,879 - INFO - [644/1464] Updated: Y CASTELL - Lit: None, Math: None, Sci: None
2025-09-07 14:36:52,195 - INFO - [645/1464] Updated: PENYGROES - Lit: None, Math: None, Sci: None
2025-09-07 14:36:52,512 - INFO - [646/1464] Updated: NANTGAREDIG - Lit: None, Math: None, Sci: None
2025-09-07 14:36:52,829 - INFO - [647/1464] Updated: GWENLLIAN - Lit: None, Math: None, Sci: None
2025-09-07 14:36:53,145 - INFO - [648/1464] Updated: DEWI SANT - Lit: None, Math: None, Sci: None
2025-09-07 14:36:53,462 - INFO - [649/1464] Updated: YSGOL GYNRADD PONTYBEREM - Lit: None, Math: None, Sci: None
2025-09-07 14:36:53,778 - INFO - [650/1464] Updated: BIGYN - Lit: None, Math: None, Sci: None
2025-09-07 14:36:53,937 - INFO - Committed batch. Progress: 650/1464
2025-09-07 14:36:54,414 - INFO - [651/1464] Updated: STEBONHEATH - Lit: None, Math: None, Sci: None
2025-09-07 14:36:54,730 - INFO - [652/1464] Updated: Y DDWYLAN - Lit: None, Math: None, Sci: None
2025-09-07 14:36:55,048 - INFO - [653/1464] Updated: RICHMOND PARK - Lit: None, Math: None, Sci: None
2025-09-07 14:36:55,364 - INFO - [654/1464] Updated: GRIFFITH JONES - Lit: None, Math: None, Sci: None
2025-09-07 14:36:55,681 - INFO - [655/1464] Updated: YSGOL Y FRO - Lit: None, Math: None, Sci: None
2025-09-07 14:36:55,998 - INFO - [656/1464] Updated: CARREG HIRFAEN - Lit: None, Math: None, Sci: None
2025-09-07 14:36:56,314 - INFO - [657/1464] Updated: CAE'R FELIN - Lit: None, Math: None, Sci: None
2025-09-07 14:36:56,632 - INFO - [658/1464] Updated: Y BEDOL - Lit: None, Math: None, Sci: None
2025-09-07 14:36:56,948 - INFO - [659/1464] Updated: BRO BRYNACH - Lit: None, Math: None, Sci: None
2025-09-07 14:36:57,264 - INFO - [660/1464] Updated: BRYN TEG - Lit: None, Math: None, Sci: None
2025-09-07 14:36:57,581 - INFO - [661/1464] Updated: Y FELIN - Lit: None, Math: None, Sci: None
2025-09-07 14:36:57,898 - INFO - [662/1464] Updated: BRO BANW - Lit: None, Math: None, Sci: None
2025-09-07 14:36:58,215 - INFO - [663/1464] Updated: MAES Y MORFA - Lit: None, Math: None, Sci: None
2025-09-07 14:36:58,532 - INFO - [664/1464] Updated: BURRY PORT - Lit: None, Math: None, Sci: None
2025-09-07 14:36:58,848 - INFO - [665/1464] Updated: PEN RHOS - Lit: None, Math: None, Sci: None
2025-09-07 14:36:59,165 - INFO - [666/1464] Updated: YSGOL GYMRAEG LLANGENNECH - Lit: None, Math: None, Sci: None
2025-09-07 14:36:59,482 - INFO - [667/1464] Updated: ABERGWILI - Lit: None, Math: None, Sci: None
2025-09-07 14:36:59,802 - INFO - [668/1464] Updated: LAUGHARNE VCP SCHOOL - Lit: None, Math: None, Sci: None
2025-09-07 14:37:00,119 - INFO - [669/1464] Updated: LLANDDAROG - Lit: None, Math: None, Sci: None
2025-09-07 14:37:00,437 - INFO - [670/1464] Updated: FERRYSIDE - Lit: None, Math: None, Sci: None
2025-09-07 14:37:00,755 - INFO - [671/1464] Updated: LLANLLWNI - Lit: None, Math: None, Sci: None
2025-09-07 14:37:01,072 - INFO - [672/1464] Updated: ST MARY'S (LLANELLI) - Lit: None, Math: None, Sci: None
2025-09-07 14:37:01,389 - INFO - [673/1464] Updated: ST MARY'S (CARMARTHEN) - Lit: None, Math: None, Sci: None
2025-09-07 14:37:01,706 - INFO - [674/1464] Updated: PENBOYR - Lit: None, Math: None, Sci: None
2025-09-07 14:37:02,022 - INFO - [675/1464] Updated: PENTIP - Lit: None, Math: None, Sci: None
2025-09-07 14:37:02,339 - INFO - [676/1464] Updated: MODEL - Lit: None, Math: None, Sci: None
2025-09-07 14:37:02,656 - INFO - [677/1464] Updated: Ysgol Dyffryn Aman - Lit: None, Math: None, Sci: None
2025-09-07 14:37:02,972 - INFO - [678/1464] Updated: Coedcae School - Lit: None, Math: None, Sci: None
2025-09-07 14:37:03,289 - INFO - [679/1464] Updated: Ysgol Gyfun Y Strade - Lit: None, Math: None, Sci: None
2025-09-07 14:37:03,606 - INFO - [680/1464] Updated: Glan-y-Mor School - Lit: None, Math: None, Sci: None
2025-09-07 14:37:03,923 - INFO - [681/1464] Updated: Bryngwyn School - Lit: None, Math: None, Sci: None
2025-09-07 14:37:04,240 - INFO - [682/1464] Updated: Ysgol Gyfun Gymraeg Bro Myrddin - Lit: None, Math: None, Sci: None
2025-09-07 14:37:04,557 - INFO - [683/1464] Updated: Ysgol Gyfun Emlyn - Lit: None, Math: None, Sci: None
2025-09-07 14:37:04,874 - INFO - [684/1464] Updated: Queen Elizabeth High School - Lit: None, Math: None, Sci: None
2025-09-07 14:37:05,190 - INFO - [685/1464] Updated: Ysgol Maes Y Gwendraeth - Lit: None, Math: None, Sci: None
2025-09-07 14:37:05,507 - INFO - [686/1464] Updated: Ysgol Bro Dinefwr - Lit: None, Math: None, Sci: None
2025-09-07 14:37:05,823 - INFO - [687/1464] Updated: Dyffryn Taf - Lit: None, Math: None, Sci: None
2025-09-07 14:37:06,141 - INFO - [688/1464] Updated: St John Lloyd Catholic Comprehensive School - Lit: None, Math: None, Sci: None
2025-09-07 14:37:06,457 - INFO - [689/1464] Updated: HEOL GOFFA - Lit: None, Math: None, Sci: None
2025-09-07 14:37:06,774 - INFO - [690/1464] Updated: BRYNMILL SCHOOL - Lit: None, Math: None, Sci: None
2025-09-07 14:37:07,090 - INFO - [691/1464] Updated: Cadle Primary School - Lit: None, Math: None, Sci: None
2025-09-07 14:37:07,406 - INFO - [692/1464] Updated: Cwmrhydyceirw Primary School - Lit: None, Math: None, Sci: None
2025-09-07 14:37:07,723 - INFO - [693/1464] Updated: DANYGRAIG PRIMARY SCHOOL - Lit: None, Math: None, Sci: None
2025-09-07 14:37:08,040 - INFO - [694/1464] Updated: GENDROS PRIMARY SCHOOL - Lit: None, Math: None, Sci: None
2025-09-07 14:37:08,356 - INFO - [695/1464] Updated: GLAIS PRIMARY SCHOOL - Lit: None, Math: None, Sci: None
2025-09-07 14:37:08,674 - INFO - [696/1464] Updated: GRANGE PRIMARY SCHOOL - Lit: None, Math: None, Sci: None
2025-09-07 14:37:08,991 - INFO - [697/1464] Updated: HAFOD PRIMARY SCHOOL - Lit: None, Math: None, Sci: None
2025-09-07 14:37:09,309 - INFO - [698/1464] Updated: Ysgol Gymraeg  Lon Las - Lit: None, Math: None, Sci: None
2025-09-07 14:37:09,625 - INFO - [699/1464] Updated: MORRISTON PRIMARY SCHOOL - Lit: None, Math: None, Sci: None
2025-09-07 14:37:09,945 - INFO - [700/1464] Updated: OYSTERMOUTH PRIMARY SCHOOL - Lit: None, Math: None, Sci: None
2025-09-07 14:37:10,106 - INFO - Committed batch. Progress: 700/1464
2025-09-07 14:37:10,580 - INFO - [701/1464] Updated: PENTRECHWYTH PRIMARY SCHOOL - Lit: None, Math: None, Sci: None
2025-09-07 14:37:10,897 - INFO - [702/1464] Updated: PLASMARL PRIMARY SCHOOL - Lit: None, Math: None, Sci: None
2025-09-07 14:37:11,213 - INFO - [703/1464] Updated: SKETTY PRIMARY SCHOOL - Lit: None, Math: None, Sci: None
2025-09-07 14:37:11,530 - INFO - [704/1464] Updated: ST HELEN'S PRIMARY SCHOOL - Lit: None, Math: None, Sci: None
2025-09-07 14:37:11,848 - INFO - [705/1464] Updated: TERRACE ROAD PRIMARY SCHOOL - Lit: None, Math: None, Sci: None
2025-09-07 14:37:12,165 - INFO - [706/1464] Updated: TOWNHILL PRIMARY SCHOOL - Lit: None, Math: None, Sci: None
2025-09-07 14:37:12,481 - INFO - [707/1464] Updated: WAUNARLWYDD PRIMARY SCHOOL - Lit: None, Math: None, Sci: None
2025-09-07 14:37:12,798 - INFO - [708/1464] Updated: WAUN WEN SCHOOL - Lit: None, Math: None, Sci: None
2025-09-07 14:37:13,115 - INFO - [709/1464] Updated: CLWYD PRIMARY SCHOOL - Lit: None, Math: None, Sci: None
2025-09-07 14:37:13,431 - INFO - [710/1464] Updated: YNYSTAWE PRIMARY SCHOOL - Lit: None, Math: None, Sci: None
2025-09-07 14:37:13,748 - INFO - [711/1464] Updated: CLASE PRIMARY SCHOOL - Lit: None, Math: None, Sci: None
2025-09-07 14:37:14,065 - INFO - [712/1464] Updated: PORTMEAD PRIMARY SCHOOL - Lit: None, Math: None, Sci: None
2025-09-07 14:37:14,381 - INFO - [713/1464] Updated: MAYALS PRIMARY - Lit: None, Math: None, Sci: None
2025-09-07 14:37:14,699 - INFO - [714/1464] Updated: CWMGLAS PRIMARY SCHOOL - Lit: None, Math: None, Sci: None
2025-09-07 14:37:15,016 - INFO - [715/1464] Updated: BLAENYMAES PRIMARY SCHOOL - Lit: None, Math: None, Sci: None
2025-09-07 14:37:15,332 - INFO - [716/1464] Updated: Trallwn Primary School - Lit: None, Math: None, Sci: None
2025-09-07 14:37:15,649 - INFO - [717/1464] Updated: PARKLAND PRIMARY SCHOOL - Lit: None, Math: None, Sci: None
2025-09-07 14:37:15,966 - INFO - [718/1464] Updated: Newton Primary School - Lit: None, Math: None, Sci: None
2025-09-07 14:37:16,282 - INFO - [719/1464] Updated: WHITESTONE PRIMARY - Lit: None, Math: None, Sci: None
2025-09-07 14:37:16,599 - INFO - [720/1464] Updated: HENDREFOILAN PRIMARY - Lit: None, Math: None, Sci: None
2025-09-07 14:37:16,916 - INFO - Database connection closed
